Using pre-set license
Built from '2022.3/staging' branch; Version is '2022.3.14f1 (eff2de9070d8) revision 15725278'; Using compiler version '192829333'; Build Type 'Release'
OS: 'Windows 11  (10.0.22621) 64bit Core' Language: 'zh' Physical Memory: 16088 MB
BatchMode: 1, IsHumanControllingUs: 0, StartBugReporterOnCrash: 0, Is64bit: 1, IsPro: 1

COMMAND LINE ARGUMENTS:
C:\Program Files\Unity\Hub\Editor\2022.3.14f1\Editor\Unity.exe
-adb2
-batchMode
-noUpm
-name
AssetImportWorker1
-projectPath
C:/Users/User/Documents/GitHub/知識王/windows-program-final-project/知識王
-logFile
Logs/AssetImportWorker1.log
-srvPort
57676
Successfully changed project path to: C:/Users/User/Documents/GitHub/知識王/windows-program-final-project/知識王
C:/Users/User/Documents/GitHub/知識王/windows-program-final-project/知識王
[UnityMemory] Configuration Parameters - Can be set up in boot.config
    "memorysetup-bucket-allocator-granularity=16"
    "memorysetup-bucket-allocator-bucket-count=8"
    "memorysetup-bucket-allocator-block-size=33554432"
    "memorysetup-bucket-allocator-block-count=8"
    "memorysetup-main-allocator-block-size=16777216"
    "memorysetup-thread-allocator-block-size=16777216"
    "memorysetup-gfx-main-allocator-block-size=16777216"
    "memorysetup-gfx-thread-allocator-block-size=16777216"
    "memorysetup-cache-allocator-block-size=4194304"
    "memorysetup-typetree-allocator-block-size=2097152"
    "memorysetup-profiler-bucket-allocator-granularity=16"
    "memorysetup-profiler-bucket-allocator-bucket-count=8"
    "memorysetup-profiler-bucket-allocator-block-size=33554432"
    "memorysetup-profiler-bucket-allocator-block-count=8"
    "memorysetup-profiler-allocator-block-size=16777216"
    "memorysetup-profiler-editor-allocator-block-size=1048576"
    "memorysetup-temp-allocator-size-main=16777216"
    "memorysetup-job-temp-allocator-block-size=2097152"
    "memorysetup-job-temp-allocator-block-size-background=1048576"
    "memorysetup-job-temp-allocator-reduction-small-platforms=262144"
    "memorysetup-allocator-temp-initial-block-size-main=262144"
    "memorysetup-allocator-temp-initial-block-size-worker=262144"
    "memorysetup-temp-allocator-size-background-worker=32768"
    "memorysetup-temp-allocator-size-job-worker=262144"
    "memorysetup-temp-allocator-size-preload-manager=33554432"
    "memorysetup-temp-allocator-size-nav-mesh-worker=65536"
    "memorysetup-temp-allocator-size-audio-worker=65536"
    "memorysetup-temp-allocator-size-cloud-worker=32768"
    "memorysetup-temp-allocator-size-gi-baking-worker=262144"
    "memorysetup-temp-allocator-size-gfx=262144"
Player connection [13592] Host "[IP] 140.116.110.2 [Port] 0 [Flags] 2 [Guid] 2925566473 [EditorId] 2925566473 [Version] 1048832 [Id] WindowsEditor(7,MSI) [Debug] 1 [PackageName] WindowsEditor [ProjectName] Editor" joined multi-casting on [225.0.0.222:54997]...

Player connection [13592] Host "[IP] 140.116.110.2 [Port] 0 [Flags] 2 [Guid] 2925566473 [EditorId] 2925566473 [Version] 1048832 [Id] WindowsEditor(7,MSI) [Debug] 1 [PackageName] WindowsEditor [ProjectName] Editor" joined alternative multi-casting on [225.0.0.222:34997]...

[Physics::Module] Initialized MultithreadedJobDispatcher with 19 workers.
Refreshing native plugins compatible for Editor in 30.00 ms, found 4 plugins.
Preloading 0 native plugins for Editor in 0.00 ms.
Initialize engine version: 2022.3.14f1 (eff2de9070d8)
[Subsystems] Discovering subsystems at path C:/Program Files/Unity/Hub/Editor/2022.3.14f1/Editor/Data/Resources/UnitySubsystems
[Subsystems] Discovering subsystems at path C:/Users/User/Documents/GitHub/知識王/windows-program-final-project/知識王/Assets
GfxDevice: creating device client; threaded=0; jobified=0
Direct3D:
    Version:  Direct3D 11.0 [level 11.1]
    Renderer: NVIDIA GeForce RTX 3060 Laptop GPU (ID=0x2520)
    Vendor:   NVIDIA
    VRAM:     6009 MB
    Driver:   31.0.15.3734
Initialize mono
Mono path[0] = 'C:/Program Files/Unity/Hub/Editor/2022.3.14f1/Editor/Data/Managed'
Mono path[1] = 'C:/Program Files/Unity/Hub/Editor/2022.3.14f1/Editor/Data/MonoBleedingEdge/lib/mono/unityjit-win32'
Mono config path = 'C:/Program Files/Unity/Hub/Editor/2022.3.14f1/Editor/Data/MonoBleedingEdge/etc'
Using monoOptions --debugger-agent=transport=dt_socket,embedding=1,server=y,suspend=n,address=127.0.0.1:56336
Begin MonoManager ReloadAssembly
Registering precompiled unity dll's ...
Register platform support module: C:/Program Files/Unity/Hub/Editor/2022.3.14f1/Editor/Data/PlaybackEngines/WindowsStandaloneSupport/UnityEditor.WindowsStandalone.Extensions.dll
Registered in 0.005243 seconds.
- Loaded All Assemblies, in  0.271 seconds
Native extension for WindowsStandalone target not found
Mono: successfully reloaded assembly
- Finished resetting the current domain, in  0.191 seconds
Domain Reload Profiling: 461ms
	BeginReloadAssembly (86ms)
		ExecutionOrderSort (0ms)
		DisableScriptedObjects (0ms)
		BackupInstance (0ms)
		ReleaseScriptingObjects (0ms)
		CreateAndSetChildDomain (1ms)
	RebuildCommonClasses (25ms)
	RebuildNativeTypeToScriptingClass (8ms)
	initialDomainReloadingComplete (51ms)
	LoadAllAssembliesAndSetupDomain (99ms)
		LoadAssemblies (85ms)
		RebuildTransferFunctionScriptingTraits (0ms)
		AnalyzeDomain (98ms)
			TypeCache.Refresh (97ms)
				TypeCache.ScanAssembly (87ms)
			ScanForSourceGeneratedMonoScriptInfo (0ms)
			ResolveRequiredComponents (0ms)
	FinalizeReload (191ms)
		ReleaseScriptCaches (0ms)
		RebuildScriptCaches (0ms)
		SetupLoadedEditorAssemblies (146ms)
			LogAssemblyErrors (0ms)
			InitializePlatformSupportModulesInManaged (7ms)
			SetLoadedEditorAssemblies (6ms)
			RefreshPlugins (0ms)
			BeforeProcessingInitializeOnLoad (2ms)
			ProcessInitializeOnLoadAttributes (95ms)
			ProcessInitializeOnLoadMethodAttributes (36ms)
			AfterProcessingInitializeOnLoad (0ms)
			EditorAssembliesLoaded (0ms)
		ExecutionOrderSort2 (0ms)
		AwakeInstancesAfterBackupRestoration (0ms)
========================================================================
Worker process is ready to serve import requests
Begin MonoManager ReloadAssembly
- Loaded All Assemblies, in  0.598 seconds
Refreshing native plugins compatible for Editor in 4.16 ms, found 4 plugins.
Native extension for WindowsStandalone target not found
Package Manager log level set to [2]
[Package Manager] Server::EnsureServerProcessIsRunning -- launch failed, reason: Unity was launched with the -noUpm command-line argument
[Package Manager] UpmClient::Send -- Unable to send message (not connected to UPM process).
[Package Manager] Cannot connect to Unity Package Manager local server
Mono: successfully reloaded assembly
- Finished resetting the current domain, in  0.811 seconds
Domain Reload Profiling: 1401ms
	BeginReloadAssembly (116ms)
		ExecutionOrderSort (0ms)
		DisableScriptedObjects (4ms)
		BackupInstance (0ms)
		ReleaseScriptingObjects (0ms)
		CreateAndSetChildDomain (17ms)
	RebuildCommonClasses (24ms)
	RebuildNativeTypeToScriptingClass (8ms)
	initialDomainReloadingComplete (34ms)
	LoadAllAssembliesAndSetupDomain (408ms)
		LoadAssemblies (348ms)
		RebuildTransferFunctionScriptingTraits (0ms)
		AnalyzeDomain (126ms)
			TypeCache.Refresh (107ms)
				TypeCache.ScanAssembly (95ms)
			ScanForSourceGeneratedMonoScriptInfo (16ms)
			ResolveRequiredComponents (3ms)
	FinalizeReload (812ms)
		ReleaseScriptCaches (0ms)
		RebuildScriptCaches (0ms)
		SetupLoadedEditorAssemblies (694ms)
			LogAssemblyErrors (0ms)
			InitializePlatformSupportModulesInManaged (5ms)
			SetLoadedEditorAssemblies (3ms)
			RefreshPlugins (0ms)
			BeforeProcessingInitializeOnLoad (52ms)
			ProcessInitializeOnLoadAttributes (600ms)
			ProcessInitializeOnLoadMethodAttributes (29ms)
			AfterProcessingInitializeOnLoad (5ms)
			EditorAssembliesLoaded (0ms)
		ExecutionOrderSort2 (0ms)
		AwakeInstancesAfterBackupRestoration (6ms)
Launched and connected shader compiler UnityShaderCompiler.exe after 0.09 seconds
Refreshing native plugins compatible for Editor in 3.81 ms, found 4 plugins.
Preloading 0 native plugins for Editor in 0.00 ms.
Unloading 4017 Unused Serialized files (Serialized files now loaded: 0)
Unloading 70 unused Assets / (244.3 KB). Loaded Objects now: 4472.
Memory consumption went from 149.1 MB to 148.9 MB.
Total: 3.009700 ms (FindLiveObjects: 0.195700 ms CreateObjectMapping: 0.097800 ms MarkObjects: 2.561600 ms  DeleteObjects: 0.153600 ms)

AssetImportParameters requested are different than current active one (requested -> active):
  custom:container-demuxer-ogg: 62fdf1f143b41e24485cea50d1cbac27 -> 
  custom:video-codec-MediaFoundation-h265: 746d11721c4dcdbdad8f713fa42b33f4 -> 
  custom:video-decoder-ogg-theora: a1e56fd34408186e4bbccfd4996cb3dc -> 
  custom:framework-win-MediaFoundation: 216162199b28c13a410421893ffa2e32 -> 
  custom:CustomObjectIndexerAttribute: 756ad292c208cfabdd7b50bc23989ffe -> 
  custom:container-demuxer-webm: 4f35f7cbe854078d1ac9338744f61a02 -> 
  custom:container-muxer-webm: aa71ff27fc2769a1b78a27578f13a17b -> 
  custom:video-decoder-webm-vp8: 9c59270c3fd7afecdb556c50c9e8de78 -> 
  custom:SearchIndexIgnoredProperties: e643bd26f0fe6173181afceb89e7c659 -> 
  custom:AudioImporter_EditorPlatform: d09bf68614088b80899f8185d706f6e7 -> 
  custom:video-encoder-webm-vp8: eb34c28f22e8b96e1ab97ce403110664 -> 
  custom:audio-decoder-ogg-vorbis: bf7c407c2cedff20999df2af8eb42d56 -> 
  custom:audio-encoder-webm-vorbis: bf7c407c2cedff20999df2af8eb42d56 -> 
========================================================================
Received Import Request.
  Time since last request: 29201.381281 seconds.
  path: Assets/Scenes/SampleScene.unity
  artifactKey: Guid(2cda990e2423bbf4892e6590ba056729) Importer(815301076,1909f56bfc062723c751e8b465ee728b)
Start importing Assets/Scenes/SampleScene.unity using Guid(2cda990e2423bbf4892e6590ba056729) Importer(815301076,1909f56bfc062723c751e8b465ee728b)  -> (artifact id: '5de831f0a3d739dc43e332aed29fdbce') in 0.004424 seconds
Number of updated asset objects reloaded before import = 0
Number of asset objects unloaded after import = 0
========================================================================
Received Import Request.
  Time since last request: 2216.013832 seconds.
  path: Assets/ExportedIcons/Icon_ArrowDown.png
  artifactKey: Guid(040258fca6bf06846b4fe3854bd7ee34) Importer(815301076,1909f56bfc062723c751e8b465ee728b)
Start importing Assets/ExportedIcons/Icon_ArrowDown.png using Guid(040258fca6bf06846b4fe3854bd7ee34) Importer(815301076,1909f56bfc062723c751e8b465ee728b)  -> (artifact id: 'c42144c7eb0802051aa3b59642c3a9ec') in 0.104584 seconds
Number of updated asset objects reloaded before import = 0
Number of asset objects unloaded after import = 3
========================================================================
Received Import Request.
  Time since last request: 0.000025 seconds.
  path: Assets/ExportedIcons/Icon_Award.png
  artifactKey: Guid(d2ff5b3c760bd6f4785d13b426989db2) Importer(815301076,1909f56bfc062723c751e8b465ee728b)
Start importing Assets/ExportedIcons/Icon_Award.png using Guid(d2ff5b3c760bd6f4785d13b426989db2) Importer(815301076,1909f56bfc062723c751e8b465ee728b)  -> (artifact id: '5ddb8758c27cc484dc855a9a0758cbd3') in 0.021910 seconds
Number of updated asset objects reloaded before import = 0
Number of asset objects unloaded after import = 3
========================================================================
Received Import Request.
  Time since last request: 0.000027 seconds.
  path: Assets/ExportedIcons/Icon_Diamond.png
  artifactKey: Guid(916a9f08a54c41b41b8d4e5370470c15) Importer(815301076,1909f56bfc062723c751e8b465ee728b)
Start importing Assets/ExportedIcons/Icon_Diamond.png using Guid(916a9f08a54c41b41b8d4e5370470c15) Importer(815301076,1909f56bfc062723c751e8b465ee728b)  -> (artifact id: '365ab950512e695b41dde1dcc5fc5c30') in 0.019847 seconds
Number of updated asset objects reloaded before import = 0
Number of asset objects unloaded after import = 3
========================================================================
Received Import Request.
  Time since last request: 0.000023 seconds.
  path: Assets/ExportedIcons/Icon_Focus.png
  artifactKey: Guid(b5c7398a629f5d6479ad9baca24ee543) Importer(815301076,1909f56bfc062723c751e8b465ee728b)
Start importing Assets/ExportedIcons/Icon_Focus.png using Guid(b5c7398a629f5d6479ad9baca24ee543) Importer(815301076,1909f56bfc062723c751e8b465ee728b)  -> (artifact id: 'd662e3ef59942fa7bd44f10f625400c9') in 0.018264 seconds
Number of updated asset objects reloaded before import = 0
Number of asset objects unloaded after import = 3
========================================================================
Received Import Request.
  Time since last request: 0.000017 seconds.
  path: Assets/ExportedIcons/Icon_Heart.png
  artifactKey: Guid(7b38fa01bac5a1548a483432e68de1a4) Importer(815301076,1909f56bfc062723c751e8b465ee728b)
Start importing Assets/ExportedIcons/Icon_Heart.png using Guid(7b38fa01bac5a1548a483432e68de1a4) Importer(815301076,1909f56bfc062723c751e8b465ee728b)  -> (artifact id: '32346ee05f07c5c913843660f7f67c31') in 0.022328 seconds
Number of updated asset objects reloaded before import = 0
Number of asset objects unloaded after import = 3
========================================================================
Received Import Request.
  Time since last request: 0.000023 seconds.
  path: Assets/ExportedIcons/Icon_Next.png
  artifactKey: Guid(68c0cdd6873f02b428bdc28c88be7f2a) Importer(815301076,1909f56bfc062723c751e8b465ee728b)
Start importing Assets/ExportedIcons/Icon_Next.png using Guid(68c0cdd6873f02b428bdc28c88be7f2a) Importer(815301076,1909f56bfc062723c751e8b465ee728b)  -> (artifact id: 'd0d47626eb8caffb1ccf328cd29f714b') in 0.023008 seconds
Number of updated asset objects reloaded before import = 0
Number of asset objects unloaded after import = 3
========================================================================
Received Import Request.
  Time since last request: 0.000021 seconds.
  path: Assets/ExportedIcons/Icon_Pencil.png
  artifactKey: Guid(6056dd81f4d8a634a96d8872a5b3f280) Importer(815301076,1909f56bfc062723c751e8b465ee728b)
Start importing Assets/ExportedIcons/Icon_Pencil.png using Guid(6056dd81f4d8a634a96d8872a5b3f280) Importer(815301076,1909f56bfc062723c751e8b465ee728b)  -> (artifact id: 'ee14234ed2c6b1db64e8da2f6234d693') in 0.022764 seconds
Number of updated asset objects reloaded before import = 0
Number of asset objects unloaded after import = 3
========================================================================
Received Import Request.
  Time since last request: 0.000019 seconds.
  path: Assets/ExportedIcons/Icon_Crown.png
  artifactKey: Guid(d166806d291c93245864af4532cccc98) Importer(815301076,1909f56bfc062723c751e8b465ee728b)
Start importing Assets/ExportedIcons/Icon_Crown.png using Guid(d166806d291c93245864af4532cccc98) Importer(815301076,1909f56bfc062723c751e8b465ee728b)  -> (artifact id: '7dca1a3505f17172247668bd507fd613') in 0.020755 seconds
Number of updated asset objects reloaded before import = 0
Number of asset objects unloaded after import = 3
========================================================================
Received Import Request.
  Time since last request: 0.000022 seconds.
  path: Assets/ExportedIcons/Icon_DotsHorizontal.png
  artifactKey: Guid(dd889499c51583048a21bceccd467d09) Importer(815301076,1909f56bfc062723c751e8b465ee728b)
Start importing Assets/ExportedIcons/Icon_DotsHorizontal.png using Guid(dd889499c51583048a21bceccd467d09) Importer(815301076,1909f56bfc062723c751e8b465ee728b)  -> (artifact id: '9c56e21de75af2a018d055b816d324e4') in 0.021640 seconds
Number of updated asset objects reloaded before import = 0
Number of asset objects unloaded after import = 3
========================================================================
Received Import Request.
  Time since last request: 0.000019 seconds.
  path: Assets/ExportedIcons/Icon_DotsVertical.png
  artifactKey: Guid(f8f981606b3e98e47aa7843d16756cad) Importer(815301076,1909f56bfc062723c751e8b465ee728b)
Start importing Assets/ExportedIcons/Icon_DotsVertical.png using Guid(f8f981606b3e98e47aa7843d16756cad) Importer(815301076,1909f56bfc062723c751e8b465ee728b)  -> (artifact id: 'f566efc8ff9b190e76e2ede48809b429') in 0.020598 seconds
Number of updated asset objects reloaded before import = 0
Number of asset objects unloaded after import = 3
========================================================================
Received Import Request.
  Time since last request: 0.000016 seconds.
  path: Assets/ExportedIcons/Icon_Look.png
  artifactKey: Guid(dafb5d011572a9742913fd9f4aa29a20) Importer(815301076,1909f56bfc062723c751e8b465ee728b)
Start importing Assets/ExportedIcons/Icon_Look.png using Guid(dafb5d011572a9742913fd9f4aa29a20) Importer(815301076,1909f56bfc062723c751e8b465ee728b)  -> (artifact id: '05f6449687e1f85ea2f9afda947696bb') in 0.021553 seconds
Number of updated asset objects reloaded before import = 0
Number of asset objects unloaded after import = 3
========================================================================
Received Import Request.
  Time since last request: 0.000016 seconds.
  path: Assets/ExportedIcons/Icon_BackPack.png
  artifactKey: Guid(e499769a58d9e9f4c9f9f39275f143bc) Importer(815301076,1909f56bfc062723c751e8b465ee728b)
Start importing Assets/ExportedIcons/Icon_BackPack.png using Guid(e499769a58d9e9f4c9f9f39275f143bc) Importer(815301076,1909f56bfc062723c751e8b465ee728b)  -> (artifact id: '6e43e7cd6504d623c96830c35a77809b') in 0.022167 seconds
Number of updated asset objects reloaded before import = 0
Number of asset objects unloaded after import = 3
========================================================================
Received Import Request.
  Time since last request: 0.000024 seconds.
  path: Assets/ExportedIcons/Icon_Check.png
  artifactKey: Guid(38a058ca96c863b4e9eb76cd2be358c4) Importer(815301076,1909f56bfc062723c751e8b465ee728b)
Start importing Assets/ExportedIcons/Icon_Check.png using Guid(38a058ca96c863b4e9eb76cd2be358c4) Importer(815301076,1909f56bfc062723c751e8b465ee728b)  -> (artifact id: 'dca8a6cf8960bf0cf10b5bd2ba7242e0') in 0.024553 seconds
Number of updated asset objects reloaded before import = 0
Number of asset objects unloaded after import = 3
========================================================================
Received Import Request.
  Time since last request: 0.000033 seconds.
  path: Assets/ExportedIcons/Icon_LookingGlass.png
  artifactKey: Guid(44eb14c5e7cad8747920a098574c31e0) Importer(815301076,1909f56bfc062723c751e8b465ee728b)
Start importing Assets/ExportedIcons/Icon_LookingGlass.png using Guid(44eb14c5e7cad8747920a098574c31e0) Importer(815301076,1909f56bfc062723c751e8b465ee728b)  -> (artifact id: '124252812dc42257ea79bbac1e3aa78b') in 0.019724 seconds
Number of updated asset objects reloaded before import = 0
Number of asset objects unloaded after import = 3
========================================================================
Received Import Request.
  Time since last request: 0.000019 seconds.
  path: Assets/ExportedIcons/Icon_Lock.png
  artifactKey: Guid(7f4b2361d215caf419b10c9bac84f1a1) Importer(815301076,1909f56bfc062723c751e8b465ee728b)
Start importing Assets/ExportedIcons/Icon_Lock.png using Guid(7f4b2361d215caf419b10c9bac84f1a1) Importer(815301076,1909f56bfc062723c751e8b465ee728b)  -> (artifact id: '71a5bc1b6e5c4de1dd1f260c43d0904e') in 0.021521 seconds
Number of updated asset objects reloaded before import = 0
Number of asset objects unloaded after import = 3
========================================================================
Received Import Request.
  Time since last request: 0.000019 seconds.
  path: Assets/ExportedIcons/Icon_Return.png
  artifactKey: Guid(ed0e58772bcd3074886ac1cc7ecffe62) Importer(815301076,1909f56bfc062723c751e8b465ee728b)
Start importing Assets/ExportedIcons/Icon_Return.png using Guid(ed0e58772bcd3074886ac1cc7ecffe62) Importer(815301076,1909f56bfc062723c751e8b465ee728b)  -> (artifact id: '48a740e28aedb0243a68b6494735ba2e') in 0.020234 seconds
Number of updated asset objects reloaded before import = 0
Number of asset objects unloaded after import = 3
========================================================================
Received Import Request.
  Time since last request: 0.000031 seconds.
  path: Assets/ExportedIcons/Icon_FLag.png
  artifactKey: Guid(7a0e7cac77f0799458395d9c0884d89e) Importer(815301076,1909f56bfc062723c751e8b465ee728b)
Start importing Assets/ExportedIcons/Icon_FLag.png using Guid(7a0e7cac77f0799458395d9c0884d89e) Importer(815301076,1909f56bfc062723c751e8b465ee728b)  -> (artifact id: 'd746be19bc9d44a6ac252adddf22f1b4') in 0.021840 seconds
Number of updated asset objects reloaded before import = 0
Number of asset objects unloaded after import = 3
========================================================================
Received Import Request.
  Time since last request: 0.000014 seconds.
  path: Assets/ExportedIcons/Icon_Present.png
  artifactKey: Guid(d25aed6c9f11b3748b14a63d3e831980) Importer(815301076,1909f56bfc062723c751e8b465ee728b)
Start importing Assets/ExportedIcons/Icon_Present.png using Guid(d25aed6c9f11b3748b14a63d3e831980) Importer(815301076,1909f56bfc062723c751e8b465ee728b)  -> (artifact id: 'd0f1884aa5ddd0d5dd04dfc6e703648f') in 0.034527 seconds
Number of updated asset objects reloaded before import = 0
Number of asset objects unloaded after import = 3
========================================================================
Received Import Request.
  Time since last request: 0.000020 seconds.
  path: Assets/ExportedIcons/Icon_Power.png
  artifactKey: Guid(b073e8bc4da6e454dad2491750739fd5) Importer(815301076,1909f56bfc062723c751e8b465ee728b)
Start importing Assets/ExportedIcons/Icon_Power.png using Guid(b073e8bc4da6e454dad2491750739fd5) Importer(815301076,1909f56bfc062723c751e8b465ee728b)  -> (artifact id: '416fe27ad365fff95067c725f9b5d756') in 0.018872 seconds
Number of updated asset objects reloaded before import = 0
Number of asset objects unloaded after import = 3
========================================================================
Received Import Request.
  Time since last request: 0.000016 seconds.
  path: Assets/ExportedIcons/Icon_Plant.png
  artifactKey: Guid(6f84beea7585cdf4cb87acc3598f341b) Importer(815301076,1909f56bfc062723c751e8b465ee728b)
Start importing Assets/ExportedIcons/Icon_Plant.png using Guid(6f84beea7585cdf4cb87acc3598f341b) Importer(815301076,1909f56bfc062723c751e8b465ee728b)  -> (artifact id: 'bcbe3e77488b0d01ea3b68b4c80fa087') in 0.018988 seconds
Number of updated asset objects reloaded before import = 0
Number of asset objects unloaded after import = 3
========================================================================
Received Import Request.
  Time since last request: 0.000028 seconds.
  path: Assets/ExportedIcons/Icon_Flower.png
  artifactKey: Guid(3947f50df8287c44a927d29fed18a331) Importer(815301076,1909f56bfc062723c751e8b465ee728b)
Start importing Assets/ExportedIcons/Icon_Flower.png using Guid(3947f50df8287c44a927d29fed18a331) Importer(815301076,1909f56bfc062723c751e8b465ee728b)  -> (artifact id: 'f33c8b3c678f62b3d296b31bf6733351') in 0.023143 seconds
Number of updated asset objects reloaded before import = 0
Number of asset objects unloaded after import = 3
========================================================================
Received Import Request.
  Time since last request: 0.000025 seconds.
  path: Assets/ExportedIcons/Icon_Left.png
  artifactKey: Guid(3980cdd52902e7049929e9165cf1c8c9) Importer(815301076,1909f56bfc062723c751e8b465ee728b)
Start importing Assets/ExportedIcons/Icon_Left.png using Guid(3980cdd52902e7049929e9165cf1c8c9) Importer(815301076,1909f56bfc062723c751e8b465ee728b)  -> (artifact id: '6fbe195d686a0d978341a0047a544872') in 0.025291 seconds
Number of updated asset objects reloaded before import = 0
Number of asset objects unloaded after import = 3
========================================================================
Received Import Request.
  Time since last request: 0.000064 seconds.
  path: Assets/ExportedIcons/Icon_Globe.png
  artifactKey: Guid(9505a09a23233be42b20c638f9968f71) Importer(815301076,1909f56bfc062723c751e8b465ee728b)
Start importing Assets/ExportedIcons/Icon_Globe.png using Guid(9505a09a23233be42b20c638f9968f71) Importer(815301076,1909f56bfc062723c751e8b465ee728b)  -> (artifact id: '3d600092874ed3de0c1d410b13eaf055') in 0.020761 seconds
Number of updated asset objects reloaded before import = 0
Number of asset objects unloaded after import = 3
========================================================================
Received Import Request.
  Time since last request: 0.000022 seconds.
  path: Assets/ExportedIcons/Icon_ArrowUp.png
  artifactKey: Guid(f7bf2825f6ae1b64484adf101da2460f) Importer(815301076,1909f56bfc062723c751e8b465ee728b)
Start importing Assets/ExportedIcons/Icon_ArrowUp.png using Guid(f7bf2825f6ae1b64484adf101da2460f) Importer(815301076,1909f56bfc062723c751e8b465ee728b)  -> (artifact id: 'a2eb9e3f084b9061e7440783485bbcf2') in 0.021887 seconds
Number of updated asset objects reloaded before import = 0
Number of asset objects unloaded after import = 3
========================================================================
Received Import Request.
  Time since last request: 0.000022 seconds.
  path: Assets/ExportedIcons/Icon_MusicOff.png
  artifactKey: Guid(98a8d058775c1e6449373ed42bf891d5) Importer(815301076,1909f56bfc062723c751e8b465ee728b)
Start importing Assets/ExportedIcons/Icon_MusicOff.png using Guid(98a8d058775c1e6449373ed42bf891d5) Importer(815301076,1909f56bfc062723c751e8b465ee728b)  -> (artifact id: '07928a50198d3e32b1df1134bfe3cc11') in 0.024181 seconds
Number of updated asset objects reloaded before import = 0
Number of asset objects unloaded after import = 3
========================================================================
Received Import Request.
  Time since last request: 0.000058 seconds.
  path: Assets/ExportedIcons/Icon_Info.png
  artifactKey: Guid(04b50fd67ec0db4469aac24c8666bad8) Importer(815301076,1909f56bfc062723c751e8b465ee728b)
Start importing Assets/ExportedIcons/Icon_Info.png using Guid(04b50fd67ec0db4469aac24c8666bad8) Importer(815301076,1909f56bfc062723c751e8b465ee728b)  -> (artifact id: 'e4031d30e25dfa1464586b702e7b48fa') in 0.035564 seconds
Number of updated asset objects reloaded before import = 0
Number of asset objects unloaded after import = 3
========================================================================
Received Import Request.
  Time since last request: 0.000028 seconds.
  path: Assets/ExportedIcons/Icon_ArrowUp_1.png
  artifactKey: Guid(935c38d9cb02f344ba637b97c25a7e16) Importer(815301076,1909f56bfc062723c751e8b465ee728b)
Start importing Assets/ExportedIcons/Icon_ArrowUp_1.png using Guid(935c38d9cb02f344ba637b97c25a7e16) Importer(815301076,1909f56bfc062723c751e8b465ee728b)  -> (artifact id: '79cbe772dd32697efe4e2cd7639779e3') in 0.020458 seconds
Number of updated asset objects reloaded before import = 0
Number of asset objects unloaded after import = 3
========================================================================
Received Import Request.
  Time since last request: 0.000022 seconds.
  path: Assets/ExportedIcons/Icon_DontLook.png
  artifactKey: Guid(def57cc49aca890459c20895cc2d87ee) Importer(815301076,1909f56bfc062723c751e8b465ee728b)
Start importing Assets/ExportedIcons/Icon_DontLook.png using Guid(def57cc49aca890459c20895cc2d87ee) Importer(815301076,1909f56bfc062723c751e8b465ee728b)  -> (artifact id: '85ce34747f5579925ebbb959185a32c5') in 0.021452 seconds
Number of updated asset objects reloaded before import = 0
Number of asset objects unloaded after import = 3
========================================================================
Received Import Request.
  Time since last request: 0.000017 seconds.
  path: Assets/ExportedIcons/Icon_DoubleArrow.png
  artifactKey: Guid(c6281073b589d234580732539445dbdc) Importer(815301076,1909f56bfc062723c751e8b465ee728b)
Start importing Assets/ExportedIcons/Icon_DoubleArrow.png using Guid(c6281073b589d234580732539445dbdc) Importer(815301076,1909f56bfc062723c751e8b465ee728b)  -> (artifact id: '00bde0a3303eb5e9ab41c697522cf21d') in 0.020658 seconds
Number of updated asset objects reloaded before import = 0
Number of asset objects unloaded after import = 3
========================================================================
Received Import Request.
  Time since last request: 0.000018 seconds.
  path: Assets/ExportedIcons/Icon_Key.png
  artifactKey: Guid(1f7bc6f7940893640994e2b062886f03) Importer(815301076,1909f56bfc062723c751e8b465ee728b)
Start importing Assets/ExportedIcons/Icon_Key.png using Guid(1f7bc6f7940893640994e2b062886f03) Importer(815301076,1909f56bfc062723c751e8b465ee728b)  -> (artifact id: '210af66a4eb06c07d1f1c8758a5bcda5') in 0.022860 seconds
Number of updated asset objects reloaded before import = 0
Number of asset objects unloaded after import = 3
========================================================================
Received Import Request.
  Time since last request: 0.000023 seconds.
  path: Assets/ExportedIcons/Icon_Beaker.png
  artifactKey: Guid(e9e0dc661c878004c928a68c24d835c0) Importer(815301076,1909f56bfc062723c751e8b465ee728b)
Start importing Assets/ExportedIcons/Icon_Beaker.png using Guid(e9e0dc661c878004c928a68c24d835c0) Importer(815301076,1909f56bfc062723c751e8b465ee728b)  -> (artifact id: 'f1b8680893b9fbf0516f6252b790d5bd') in 0.021460 seconds
Number of updated asset objects reloaded before import = 0
Number of asset objects unloaded after import = 3
========================================================================
Received Import Request.
  Time since last request: 0.000023 seconds.
  path: Assets/ExportedIcons/Icon_MusicOn.png
  artifactKey: Guid(3b44f00b319526b4a84181a98fec5ca8) Importer(815301076,1909f56bfc062723c751e8b465ee728b)
Start importing Assets/ExportedIcons/Icon_MusicOn.png using Guid(3b44f00b319526b4a84181a98fec5ca8) Importer(815301076,1909f56bfc062723c751e8b465ee728b)  -> (artifact id: '257e67113ac344b37f89a7236e566a0a') in 0.019826 seconds
Number of updated asset objects reloaded before import = 0
Number of asset objects unloaded after import = 3
========================================================================
Received Import Request.
  Time since last request: 0.065084 seconds.
  path: Assets/ExportedIcons/Icon_SoundOff.png
  artifactKey: Guid(f6c5d23630d86b5408a39704b4a32485) Importer(815301076,1909f56bfc062723c751e8b465ee728b)
Start importing Assets/ExportedIcons/Icon_SoundOff.png using Guid(f6c5d23630d86b5408a39704b4a32485) Importer(815301076,1909f56bfc062723c751e8b465ee728b)  -> (artifact id: '6331796aa21d95078ba6e400e7627e6d') in 0.021253 seconds
Number of updated asset objects reloaded before import = 0
Number of asset objects unloaded after import = 3
========================================================================
Received Import Request.
  Time since last request: 0.000050 seconds.
  path: Assets/ExportedIcons/Icon_Sun.png
  artifactKey: Guid(16dccb0a44cf17243b6551aa39768361) Importer(815301076,1909f56bfc062723c751e8b465ee728b)
Start importing Assets/ExportedIcons/Icon_Sun.png using Guid(16dccb0a44cf17243b6551aa39768361) Importer(815301076,1909f56bfc062723c751e8b465ee728b)  -> (artifact id: '2ab46564d69e77510ab009d2a21ce183') in 0.018328 seconds
Number of updated asset objects reloaded before import = 0
Number of asset objects unloaded after import = 3
========================================================================
Received Import Request.
  Time since last request: 0.000019 seconds.
  path: Assets/ExportedIcons/Icon_X.png
  artifactKey: Guid(ed9eef13e4b87a648992db9b04f4707d) Importer(815301076,1909f56bfc062723c751e8b465ee728b)
Start importing Assets/ExportedIcons/Icon_X.png using Guid(ed9eef13e4b87a648992db9b04f4707d) Importer(815301076,1909f56bfc062723c751e8b465ee728b)  -> (artifact id: 'df14a680ce838cc1c4b59661481de652') in 0.019903 seconds
Number of updated asset objects reloaded before import = 0
Number of asset objects unloaded after import = 3
========================================================================
Received Import Request.
  Time since last request: 0.000022 seconds.
  path: Assets/ExportedIcons/Icon_SpeechBubble.png
  artifactKey: Guid(a5560f608cebcde478fb0bba2f2c1291) Importer(815301076,1909f56bfc062723c751e8b465ee728b)
Start importing Assets/ExportedIcons/Icon_SpeechBubble.png using Guid(a5560f608cebcde478fb0bba2f2c1291) Importer(815301076,1909f56bfc062723c751e8b465ee728b)  -> (artifact id: '980ced5c58f6912826bb48d6381818b2') in 0.019570 seconds
Number of updated asset objects reloaded before import = 0
Number of asset objects unloaded after import = 3
========================================================================
Received Import Request.
  Time since last request: 0.000019 seconds.
  path: Assets/ExportedIcons/Icon_SquareStraight.png
  artifactKey: Guid(0396a3af735581841973853cb19ec5b3) Importer(815301076,1909f56bfc062723c751e8b465ee728b)
Start importing Assets/ExportedIcons/Icon_SquareStraight.png using Guid(0396a3af735581841973853cb19ec5b3) Importer(815301076,1909f56bfc062723c751e8b465ee728b)  -> (artifact id: '51858648dd394fc79cfbb36b6f658e11') in 0.019299 seconds
Number of updated asset objects reloaded before import = 0
Number of asset objects unloaded after import = 3
========================================================================
Received Import Request.
  Time since last request: 0.000020 seconds.
  path: Assets/ExportedIcons/Item4.png
  artifactKey: Guid(2d8833074164c6444ac9f00c14a6fe47) Importer(815301076,1909f56bfc062723c751e8b465ee728b)
Start importing Assets/ExportedIcons/Item4.png using Guid(2d8833074164c6444ac9f00c14a6fe47) Importer(815301076,1909f56bfc062723c751e8b465ee728b)  -> (artifact id: '95174f0187cf6f5e916606a0c12c207d') in 0.025691 seconds
Number of updated asset objects reloaded before import = 0
Number of asset objects unloaded after import = 3
========================================================================
Received Import Request.
  Time since last request: 0.000019 seconds.
  path: Assets/ExportedIcons/Item7.png
  artifactKey: Guid(8cb85b748ac9ea041b69e9f3a3c1c489) Importer(815301076,1909f56bfc062723c751e8b465ee728b)
Start importing Assets/ExportedIcons/Item7.png using Guid(8cb85b748ac9ea041b69e9f3a3c1c489) Importer(815301076,1909f56bfc062723c751e8b465ee728b)  -> (artifact id: '8cbc817366098412abf21c3be0866834') in 0.023003 seconds
Number of updated asset objects reloaded before import = 0
Number of asset objects unloaded after import = 3
========================================================================
Received Import Request.
  Time since last request: 0.000044 seconds.
  path: Assets/ExportedIcons/Icon_Star.png
  artifactKey: Guid(c9a14933ac599aa488740f9cd0aca0e0) Importer(815301076,1909f56bfc062723c751e8b465ee728b)
Start importing Assets/ExportedIcons/Icon_Star.png using Guid(c9a14933ac599aa488740f9cd0aca0e0) Importer(815301076,1909f56bfc062723c751e8b465ee728b)  -> (artifact id: 'c499d5635bef2c26dfbc563f8f84da0f') in 0.017756 seconds
Number of updated asset objects reloaded before import = 0
Number of asset objects unloaded after import = 3
========================================================================
Received Import Request.
  Time since last request: 0.000027 seconds.
  path: Assets/ExportedIcons/Icon_Tube.png
  artifactKey: Guid(b01b35d4617d45f44873f2d90506cf44) Importer(815301076,1909f56bfc062723c751e8b465ee728b)
Start importing Assets/ExportedIcons/Icon_Tube.png using Guid(b01b35d4617d45f44873f2d90506cf44) Importer(815301076,1909f56bfc062723c751e8b465ee728b)  -> (artifact id: '2bbe7b401c8e3482e3e8a1a9e0f5533f') in 0.019923 seconds
Number of updated asset objects reloaded before import = 0
Number of asset objects unloaded after import = 3
========================================================================
Received Import Request.
  Time since last request: 0.000073 seconds.
  path: Assets/ExportedIcons/Icon_Writing.png
  artifactKey: Guid(8652e2ccf79ac8247bbedb7a14ee1e91) Importer(815301076,1909f56bfc062723c751e8b465ee728b)
Start importing Assets/ExportedIcons/Icon_Writing.png using Guid(8652e2ccf79ac8247bbedb7a14ee1e91) Importer(815301076,1909f56bfc062723c751e8b465ee728b)  -> (artifact id: '379e684ad4a9140162891053fb5826db') in 0.021673 seconds
Number of updated asset objects reloaded before import = 0
Number of asset objects unloaded after import = 3
========================================================================
Received Import Request.
  Time since last request: 0.000018 seconds.
  path: Assets/ExportedIcons/Icon_Up.png
  artifactKey: Guid(e756b7af94b6dc049a14575c4353157c) Importer(815301076,1909f56bfc062723c751e8b465ee728b)
Start importing Assets/ExportedIcons/Icon_Up.png using Guid(e756b7af94b6dc049a14575c4353157c) Importer(815301076,1909f56bfc062723c751e8b465ee728b)  -> (artifact id: 'c95ed1ab3673d5cfbc973041174d7d80') in 0.019187 seconds
Number of updated asset objects reloaded before import = 0
Number of asset objects unloaded after import = 3
Editor requested this worker to shutdown with reason: Scaling down because of idle timeout
TcpMessagingSession - receive error
AssetImportWorkerClient::OnTransportError - code=2 error=End of file
AssetImportWorker is now disconnected from the server
Process exiting
Exiting without the bug reporter. Application will terminate with return code 0