Using pre-set license
Built from '2022.3/staging' branch; Version is '2022.3.14f1 (eff2de9070d8) revision 15725278'; Using compiler version '192829333'; Build Type 'Release'
OS: 'Windows 11  (10.0.22621) 64bit Core' Language: 'zh' Physical Memory: 16088 MB
BatchMode: 1, IsHumanControllingUs: 0, StartBugReporterOnCrash: 0, Is64bit: 1, IsPro: 1

COMMAND LINE ARGUMENTS:
C:\Program Files\Unity\Hub\Editor\2022.3.14f1\Editor\Unity.exe
-adb2
-batchMode
-noUpm
-name
AssetImportWorker0
-projectPath
C:/Users/User/Documents/GitHub/知識王/windows-program-final-project/知識王
-logFile
Logs/AssetImportWorker0.log
-srvPort
57676
Successfully changed project path to: C:/Users/User/Documents/GitHub/知識王/windows-program-final-project/知識王
C:/Users/User/Documents/GitHub/知識王/windows-program-final-project/知識王
[UnityMemory] Configuration Parameters - Can be set up in boot.config
    "memorysetup-bucket-allocator-granularity=16"
    "memorysetup-bucket-allocator-bucket-count=8"
    "memorysetup-bucket-allocator-block-size=33554432"
    "memorysetup-bucket-allocator-block-count=8"
    "memorysetup-main-allocator-block-size=16777216"
    "memorysetup-thread-allocator-block-size=16777216"
    "memorysetup-gfx-main-allocator-block-size=16777216"
    "memorysetup-gfx-thread-allocator-block-size=16777216"
    "memorysetup-cache-allocator-block-size=4194304"
    "memorysetup-typetree-allocator-block-size=2097152"
    "memorysetup-profiler-bucket-allocator-granularity=16"
    "memorysetup-profiler-bucket-allocator-bucket-count=8"
    "memorysetup-profiler-bucket-allocator-block-size=33554432"
    "memorysetup-profiler-bucket-allocator-block-count=8"
    "memorysetup-profiler-allocator-block-size=16777216"
    "memorysetup-profiler-editor-allocator-block-size=1048576"
    "memorysetup-temp-allocator-size-main=16777216"
    "memorysetup-job-temp-allocator-block-size=2097152"
    "memorysetup-job-temp-allocator-block-size-background=1048576"
    "memorysetup-job-temp-allocator-reduction-small-platforms=262144"
    "memorysetup-allocator-temp-initial-block-size-main=262144"
    "memorysetup-allocator-temp-initial-block-size-worker=262144"
    "memorysetup-temp-allocator-size-background-worker=32768"
    "memorysetup-temp-allocator-size-job-worker=262144"
    "memorysetup-temp-allocator-size-preload-manager=33554432"
    "memorysetup-temp-allocator-size-nav-mesh-worker=65536"
    "memorysetup-temp-allocator-size-audio-worker=65536"
    "memorysetup-temp-allocator-size-cloud-worker=32768"
    "memorysetup-temp-allocator-size-gi-baking-worker=262144"
    "memorysetup-temp-allocator-size-gfx=262144"
Player connection [19976] Host "[IP] 140.116.110.2 [Port] 0 [Flags] 2 [Guid] 4073298996 [EditorId] 4073298996 [Version] 1048832 [Id] WindowsEditor(7,MSI) [Debug] 1 [PackageName] WindowsEditor [ProjectName] Editor" joined multi-casting on [225.0.0.222:54997]...

Player connection [19976] Host "[IP] 140.116.110.2 [Port] 0 [Flags] 2 [Guid] 4073298996 [EditorId] 4073298996 [Version] 1048832 [Id] WindowsEditor(7,MSI) [Debug] 1 [PackageName] WindowsEditor [ProjectName] Editor" joined alternative multi-casting on [225.0.0.222:34997]...

[Physics::Module] Initialized MultithreadedJobDispatcher with 19 workers.
Refreshing native plugins compatible for Editor in 31.41 ms, found 4 plugins.
Preloading 0 native plugins for Editor in 0.00 ms.
Initialize engine version: 2022.3.14f1 (eff2de9070d8)
[Subsystems] Discovering subsystems at path C:/Program Files/Unity/Hub/Editor/2022.3.14f1/Editor/Data/Resources/UnitySubsystems
[Subsystems] Discovering subsystems at path C:/Users/User/Documents/GitHub/知識王/windows-program-final-project/知識王/Assets
GfxDevice: creating device client; threaded=0; jobified=0
Direct3D:
    Version:  Direct3D 11.0 [level 11.1]
    Renderer: NVIDIA GeForce RTX 3060 Laptop GPU (ID=0x2520)
    Vendor:   NVIDIA
    VRAM:     6009 MB
    Driver:   31.0.15.3734
Initialize mono
Mono path[0] = 'C:/Program Files/Unity/Hub/Editor/2022.3.14f1/Editor/Data/Managed'
Mono path[1] = 'C:/Program Files/Unity/Hub/Editor/2022.3.14f1/Editor/Data/MonoBleedingEdge/lib/mono/unityjit-win32'
Mono config path = 'C:/Program Files/Unity/Hub/Editor/2022.3.14f1/Editor/Data/MonoBleedingEdge/etc'
Using monoOptions --debugger-agent=transport=dt_socket,embedding=1,server=y,suspend=n,address=127.0.0.1:56844
Begin MonoManager ReloadAssembly
Registering precompiled unity dll's ...
Register platform support module: C:/Program Files/Unity/Hub/Editor/2022.3.14f1/Editor/Data/PlaybackEngines/WindowsStandaloneSupport/UnityEditor.WindowsStandalone.Extensions.dll
Registered in 0.005936 seconds.
- Loaded All Assemblies, in  0.262 seconds
Native extension for WindowsStandalone target not found
Mono: successfully reloaded assembly
- Finished resetting the current domain, in  0.194 seconds
Domain Reload Profiling: 455ms
	BeginReloadAssembly (83ms)
		ExecutionOrderSort (0ms)
		DisableScriptedObjects (0ms)
		BackupInstance (0ms)
		ReleaseScriptingObjects (0ms)
		CreateAndSetChildDomain (1ms)
	RebuildCommonClasses (25ms)
	RebuildNativeTypeToScriptingClass (8ms)
	initialDomainReloadingComplete (46ms)
	LoadAllAssembliesAndSetupDomain (98ms)
		LoadAssemblies (81ms)
		RebuildTransferFunctionScriptingTraits (0ms)
		AnalyzeDomain (97ms)
			TypeCache.Refresh (96ms)
				TypeCache.ScanAssembly (85ms)
			ScanForSourceGeneratedMonoScriptInfo (0ms)
			ResolveRequiredComponents (0ms)
	FinalizeReload (195ms)
		ReleaseScriptCaches (0ms)
		RebuildScriptCaches (0ms)
		SetupLoadedEditorAssemblies (150ms)
			LogAssemblyErrors (0ms)
			InitializePlatformSupportModulesInManaged (7ms)
			SetLoadedEditorAssemblies (6ms)
			RefreshPlugins (0ms)
			BeforeProcessingInitializeOnLoad (2ms)
			ProcessInitializeOnLoadAttributes (98ms)
			ProcessInitializeOnLoadMethodAttributes (38ms)
			AfterProcessingInitializeOnLoad (0ms)
			EditorAssembliesLoaded (0ms)
		ExecutionOrderSort2 (0ms)
		AwakeInstancesAfterBackupRestoration (0ms)
========================================================================
Worker process is ready to serve import requests
Begin MonoManager ReloadAssembly
- Loaded All Assemblies, in  0.641 seconds
Refreshing native plugins compatible for Editor in 3.89 ms, found 4 plugins.
Native extension for WindowsStandalone target not found
Package Manager log level set to [2]
[Package Manager] Server::EnsureServerProcessIsRunning -- launch failed, reason: Unity was launched with the -noUpm command-line argument
[Package Manager] UpmClient::Send -- Unable to send message (not connected to UPM process).
[Package Manager] Cannot connect to Unity Package Manager local server
Mono: successfully reloaded assembly
- Finished resetting the current domain, in  0.769 seconds
Domain Reload Profiling: 1403ms
	BeginReloadAssembly (116ms)
		ExecutionOrderSort (0ms)
		DisableScriptedObjects (4ms)
		BackupInstance (0ms)
		ReleaseScriptingObjects (0ms)
		CreateAndSetChildDomain (17ms)
	RebuildCommonClasses (24ms)
	RebuildNativeTypeToScriptingClass (8ms)
	initialDomainReloadingComplete (34ms)
	LoadAllAssembliesAndSetupDomain (452ms)
		LoadAssemblies (393ms)
		RebuildTransferFunctionScriptingTraits (0ms)
		AnalyzeDomain (127ms)
			TypeCache.Refresh (107ms)
				TypeCache.ScanAssembly (95ms)
			ScanForSourceGeneratedMonoScriptInfo (15ms)
			ResolveRequiredComponents (3ms)
	FinalizeReload (769ms)
		ReleaseScriptCaches (0ms)
		RebuildScriptCaches (0ms)
		SetupLoadedEditorAssemblies (653ms)
			LogAssemblyErrors (0ms)
			InitializePlatformSupportModulesInManaged (5ms)
			SetLoadedEditorAssemblies (3ms)
			RefreshPlugins (0ms)
			BeforeProcessingInitializeOnLoad (49ms)
			ProcessInitializeOnLoadAttributes (562ms)
			ProcessInitializeOnLoadMethodAttributes (28ms)
			AfterProcessingInitializeOnLoad (6ms)
			EditorAssembliesLoaded (0ms)
		ExecutionOrderSort2 (0ms)
		AwakeInstancesAfterBackupRestoration (5ms)
Launched and connected shader compiler UnityShaderCompiler.exe after 0.08 seconds
Refreshing native plugins compatible for Editor in 3.66 ms, found 4 plugins.
Preloading 0 native plugins for Editor in 0.00 ms.
Unloading 4017 Unused Serialized files (Serialized files now loaded: 0)
Unloading 70 unused Assets / (244.4 KB). Loaded Objects now: 4472.
Memory consumption went from 149.0 MB to 148.8 MB.
Total: 2.705300 ms (FindLiveObjects: 0.202900 ms CreateObjectMapping: 0.086800 ms MarkObjects: 2.259100 ms  DeleteObjects: 0.155700 ms)

AssetImportParameters requested are different than current active one (requested -> active):
  custom:container-demuxer-ogg: 62fdf1f143b41e24485cea50d1cbac27 -> 
  custom:video-codec-MediaFoundation-h265: 746d11721c4dcdbdad8f713fa42b33f4 -> 
  custom:video-decoder-ogg-theora: a1e56fd34408186e4bbccfd4996cb3dc -> 
  custom:framework-win-MediaFoundation: 216162199b28c13a410421893ffa2e32 -> 
  custom:CustomObjectIndexerAttribute: 756ad292c208cfabdd7b50bc23989ffe -> 
  custom:container-demuxer-webm: 4f35f7cbe854078d1ac9338744f61a02 -> 
  custom:container-muxer-webm: aa71ff27fc2769a1b78a27578f13a17b -> 
  custom:video-decoder-webm-vp8: 9c59270c3fd7afecdb556c50c9e8de78 -> 
  custom:SearchIndexIgnoredProperties: e643bd26f0fe6173181afceb89e7c659 -> 
  custom:AudioImporter_EditorPlatform: d09bf68614088b80899f8185d706f6e7 -> 
  custom:video-encoder-webm-vp8: eb34c28f22e8b96e1ab97ce403110664 -> 
  custom:audio-decoder-ogg-vorbis: bf7c407c2cedff20999df2af8eb42d56 -> 
  custom:audio-encoder-webm-vorbis: bf7c407c2cedff20999df2af8eb42d56 -> 
========================================================================
Received Import Request.
  Time since last request: 29201.381244 seconds.
  path: Assets/Scenes
  artifactKey: Guid(1206ed3cb9b00f441bc015e0f3de8d31) Importer(815301076,1909f56bfc062723c751e8b465ee728b)
Start importing Assets/Scenes using Guid(1206ed3cb9b00f441bc015e0f3de8d31) Importer(815301076,1909f56bfc062723c751e8b465ee728b)  -> (artifact id: '02b013757cc29e73bd9206c9aa74de12') in 0.003817 seconds
Number of updated asset objects reloaded before import = 0
Number of asset objects unloaded after import = 0
========================================================================
Received Import Request.
  Time since last request: 36.684324 seconds.
  path: Assets/Scenes/MainMenu.unity
  artifactKey: Guid(d28daf350387030458f7cfaee314afa7) Importer(815301076,1909f56bfc062723c751e8b465ee728b)
Start importing Assets/Scenes/MainMenu.unity using Guid(d28daf350387030458f7cfaee314afa7) Importer(815301076,1909f56bfc062723c751e8b465ee728b)  -> (artifact id: 'a3feae4a31359451794b2d80e65ac770') in 0.000451 seconds
Number of updated asset objects reloaded before import = 0
Number of asset objects unloaded after import = 0
========================================================================
Received Import Request.
  Time since last request: 10.445224 seconds.
  path: Assets/Scenes/MainMenu.unity
  artifactKey: Guid(d28daf350387030458f7cfaee314afa7) Importer(815301076,1909f56bfc062723c751e8b465ee728b)
Start importing Assets/Scenes/MainMenu.unity using Guid(d28daf350387030458f7cfaee314afa7) Importer(815301076,1909f56bfc062723c751e8b465ee728b)  -> (artifact id: '1b6343814716b505653116259e57f779') in 0.000521 seconds
Number of updated asset objects reloaded before import = 0
Number of asset objects unloaded after import = 0
========================================================================
Received Import Request.
  Time since last request: 2168.832456 seconds.
  path: Assets/ExportedIcons
  artifactKey: Guid(ad1d0dc2eb7887e4ca14b2e34e4a568a) Importer(815301076,1909f56bfc062723c751e8b465ee728b)
Start importing Assets/ExportedIcons using Guid(ad1d0dc2eb7887e4ca14b2e34e4a568a) Importer(815301076,1909f56bfc062723c751e8b465ee728b)  -> (artifact id: '0f6131fc19a8011068dd36a890b3b689') in 0.000668 seconds
Number of updated asset objects reloaded before import = 0
Number of asset objects unloaded after import = 0
========================================================================
Received Import Request.
  Time since last request: 0.045748 seconds.
  path: Assets/ExportedIcons/Icon_Add.png
  artifactKey: Guid(d4d60f8a8985b874c86253f757247109) Importer(815301076,1909f56bfc062723c751e8b465ee728b)
Start importing Assets/ExportedIcons/Icon_Add.png using Guid(d4d60f8a8985b874c86253f757247109) Importer(815301076,1909f56bfc062723c751e8b465ee728b)  -> (artifact id: '94cc6ebce8f76b59c61d4d77d5dc4610') in 0.106880 seconds
Number of updated asset objects reloaded before import = 0
Number of asset objects unloaded after import = 3
========================================================================
Received Import Request.
  Time since last request: 0.000031 seconds.
  path: Assets/ExportedIcons/Icon_BatteryFull.png
  artifactKey: Guid(6d59334da28102c47b20d7d0092fdfcd) Importer(815301076,1909f56bfc062723c751e8b465ee728b)
Start importing Assets/ExportedIcons/Icon_BatteryFull.png using Guid(6d59334da28102c47b20d7d0092fdfcd) Importer(815301076,1909f56bfc062723c751e8b465ee728b)  -> (artifact id: 'f3199d852c95e78262322f36d7072d16') in 0.021962 seconds
Number of updated asset objects reloaded before import = 0
Number of asset objects unloaded after import = 3
========================================================================
Received Import Request.
  Time since last request: 0.000066 seconds.
  path: Assets/ExportedIcons/Icon_Exclamation.png
  artifactKey: Guid(083756393268a324e96b76c4682d31a0) Importer(815301076,1909f56bfc062723c751e8b465ee728b)
Start importing Assets/ExportedIcons/Icon_Exclamation.png using Guid(083756393268a324e96b76c4682d31a0) Importer(815301076,1909f56bfc062723c751e8b465ee728b)  -> (artifact id: 'c011e41b0d3c1822b951ad5d105350a6') in 0.019995 seconds
Number of updated asset objects reloaded before import = 0
Number of asset objects unloaded after import = 3
========================================================================
Received Import Request.
  Time since last request: 0.000019 seconds.
  path: Assets/ExportedIcons/Icon_Helix.png
  artifactKey: Guid(a939d4dc021518244a311d60ecd73a02) Importer(815301076,1909f56bfc062723c751e8b465ee728b)
Start importing Assets/ExportedIcons/Icon_Helix.png using Guid(a939d4dc021518244a311d60ecd73a02) Importer(815301076,1909f56bfc062723c751e8b465ee728b)  -> (artifact id: '0914b4bea181b43afc21b3b34b39a2e8') in 0.018701 seconds
Number of updated asset objects reloaded before import = 0
Number of asset objects unloaded after import = 3
========================================================================
Received Import Request.
  Time since last request: 0.000016 seconds.
  path: Assets/ExportedIcons/Icon_Link.png
  artifactKey: Guid(376def65377d0344aae9d4c7b0089a62) Importer(815301076,1909f56bfc062723c751e8b465ee728b)
Start importing Assets/ExportedIcons/Icon_Link.png using Guid(376def65377d0344aae9d4c7b0089a62) Importer(815301076,1909f56bfc062723c751e8b465ee728b)  -> (artifact id: '79ed41014cdaf4761ab3c679734766d2') in 0.020257 seconds
Number of updated asset objects reloaded before import = 0
Number of asset objects unloaded after import = 3
========================================================================
Received Import Request.
  Time since last request: 0.000019 seconds.
  path: Assets/ExportedIcons/Icon_PaperPlane.png
  artifactKey: Guid(4820fe38239d5c24b84ca6530490f831) Importer(815301076,1909f56bfc062723c751e8b465ee728b)
Start importing Assets/ExportedIcons/Icon_PaperPlane.png using Guid(4820fe38239d5c24b84ca6530490f831) Importer(815301076,1909f56bfc062723c751e8b465ee728b)  -> (artifact id: 'a19fa354484967749e7180b3897a0130') in 0.021812 seconds
Number of updated asset objects reloaded before import = 0
Number of asset objects unloaded after import = 3
========================================================================
Received Import Request.
  Time since last request: 0.000019 seconds.
  path: Assets/ExportedIcons/Icon_ArrowLeft.png
  artifactKey: Guid(dfc7b4b3f338d5b47b5fd21d69cd1d61) Importer(815301076,1909f56bfc062723c751e8b465ee728b)
Start importing Assets/ExportedIcons/Icon_ArrowLeft.png using Guid(dfc7b4b3f338d5b47b5fd21d69cd1d61) Importer(815301076,1909f56bfc062723c751e8b465ee728b)  -> (artifact id: '7651dc7cb76510f3df465132f7dbfe43') in 0.022571 seconds
Number of updated asset objects reloaded before import = 0
Number of asset objects unloaded after import = 3
========================================================================
Received Import Request.
  Time since last request: 0.000019 seconds.
  path: Assets/ExportedIcons/Icon_Pin.png
  artifactKey: Guid(ea2453dab858d834593737300af5ebb0) Importer(815301076,1909f56bfc062723c751e8b465ee728b)
Start importing Assets/ExportedIcons/Icon_Pin.png using Guid(ea2453dab858d834593737300af5ebb0) Importer(815301076,1909f56bfc062723c751e8b465ee728b)  -> (artifact id: '86be963150b4baa5b7f5bf7a1126d294') in 0.024780 seconds
Number of updated asset objects reloaded before import = 0
Number of asset objects unloaded after import = 3
========================================================================
Received Import Request.
  Time since last request: 0.000017 seconds.
  path: Assets/ExportedIcons/Icon_Down.png
  artifactKey: Guid(1b19a47a91fe0254cb3e40e7382e6cea) Importer(815301076,1909f56bfc062723c751e8b465ee728b)
Start importing Assets/ExportedIcons/Icon_Down.png using Guid(1b19a47a91fe0254cb3e40e7382e6cea) Importer(815301076,1909f56bfc062723c751e8b465ee728b)  -> (artifact id: 'b080ff65a58329e0cd04fb7de0e148ba') in 0.022310 seconds
Number of updated asset objects reloaded before import = 0
Number of asset objects unloaded after import = 3
========================================================================
Received Import Request.
  Time since last request: 0.000013 seconds.
  path: Assets/ExportedIcons/Icon_Home.png
  artifactKey: Guid(d445fc08a3b02c24bbee35ba1cb8df2d) Importer(815301076,1909f56bfc062723c751e8b465ee728b)
Start importing Assets/ExportedIcons/Icon_Home.png using Guid(d445fc08a3b02c24bbee35ba1cb8df2d) Importer(815301076,1909f56bfc062723c751e8b465ee728b)  -> (artifact id: 'c1091c793896e177711119a01b6b3d22') in 0.019550 seconds
Number of updated asset objects reloaded before import = 0
Number of asset objects unloaded after import = 3
========================================================================
Received Import Request.
  Time since last request: 0.000021 seconds.
  path: Assets/ExportedIcons/Icon_Right.png
  artifactKey: Guid(46b62f7d8d83fa941a8fa883617ad652) Importer(815301076,1909f56bfc062723c751e8b465ee728b)
Start importing Assets/ExportedIcons/Icon_Right.png using Guid(46b62f7d8d83fa941a8fa883617ad652) Importer(815301076,1909f56bfc062723c751e8b465ee728b)  -> (artifact id: 'afd396cd82bd74d7246548e0918edaa6') in 0.019029 seconds
Number of updated asset objects reloaded before import = 0
Number of asset objects unloaded after import = 3
========================================================================
Received Import Request.
  Time since last request: 0.000032 seconds.
  path: Assets/ExportedIcons/Icon_Fork.png
  artifactKey: Guid(3a236c7bfaab03b428b307f9071b968d) Importer(815301076,1909f56bfc062723c751e8b465ee728b)
Start importing Assets/ExportedIcons/Icon_Fork.png using Guid(3a236c7bfaab03b428b307f9071b968d) Importer(815301076,1909f56bfc062723c751e8b465ee728b)  -> (artifact id: '10af8cb846c182b920eb779bf1eea717') in 0.020073 seconds
Number of updated asset objects reloaded before import = 0
Number of asset objects unloaded after import = 3
========================================================================
Received Import Request.
  Time since last request: 0.000031 seconds.
  path: Assets/ExportedIcons/Icon_Magic.png
  artifactKey: Guid(c1c97353c815e6547a9ec71def9d6151) Importer(815301076,1909f56bfc062723c751e8b465ee728b)
Start importing Assets/ExportedIcons/Icon_Magic.png using Guid(c1c97353c815e6547a9ec71def9d6151) Importer(815301076,1909f56bfc062723c751e8b465ee728b)  -> (artifact id: '4f48b6fbced4d2fdee9dcbdd3e405041') in 0.024157 seconds
Number of updated asset objects reloaded before import = 0
Number of asset objects unloaded after import = 3
========================================================================
Received Import Request.
  Time since last request: 0.000021 seconds.
  path: Assets/ExportedIcons/Icon_Lightning.png
  artifactKey: Guid(20ecfa1aba9dce44185910d6ae721638) Importer(815301076,1909f56bfc062723c751e8b465ee728b)
Start importing Assets/ExportedIcons/Icon_Lightning.png using Guid(20ecfa1aba9dce44185910d6ae721638) Importer(815301076,1909f56bfc062723c751e8b465ee728b)  -> (artifact id: '637fc56b68c2aa6ca37017871c6486f5') in 0.018437 seconds
Number of updated asset objects reloaded before import = 0
Number of asset objects unloaded after import = 3
========================================================================
Received Import Request.
  Time since last request: 0.000026 seconds.
  path: Assets/ExportedIcons/Icon_Menu.png
  artifactKey: Guid(0c2e84165c04ec041a8d664911885be6) Importer(815301076,1909f56bfc062723c751e8b465ee728b)
Start importing Assets/ExportedIcons/Icon_Menu.png using Guid(0c2e84165c04ec041a8d664911885be6) Importer(815301076,1909f56bfc062723c751e8b465ee728b)  -> (artifact id: '308540fbb39d8c06faadfac811bbd354') in 0.020217 seconds
Number of updated asset objects reloaded before import = 0
Number of asset objects unloaded after import = 3
========================================================================
Received Import Request.
  Time since last request: 0.000022 seconds.
  path: Assets/ExportedIcons/Icon_Question.png
  artifactKey: Guid(539a2f0db767aa84a8d4a04c348a090a) Importer(815301076,1909f56bfc062723c751e8b465ee728b)
Start importing Assets/ExportedIcons/Icon_Question.png using Guid(539a2f0db767aa84a8d4a04c348a090a) Importer(815301076,1909f56bfc062723c751e8b465ee728b)  -> (artifact id: '0427948f6ac0bf65e660eb83c49bde66') in 0.020654 seconds
Number of updated asset objects reloaded before import = 0
Number of asset objects unloaded after import = 3
========================================================================
Received Import Request.
  Time since last request: 0.000021 seconds.
  path: Assets/ExportedIcons/Icon_Expand.png
  artifactKey: Guid(27d0b0f6b712034499514eff307c80de) Importer(815301076,1909f56bfc062723c751e8b465ee728b)
Start importing Assets/ExportedIcons/Icon_Expand.png using Guid(27d0b0f6b712034499514eff307c80de) Importer(815301076,1909f56bfc062723c751e8b465ee728b)  -> (artifact id: '7ffb13847de824449a9417ebd69c9396') in 0.019668 seconds
Number of updated asset objects reloaded before import = 0
Number of asset objects unloaded after import = 3
========================================================================
Received Import Request.
  Time since last request: 0.000024 seconds.
  path: Assets/ExportedIcons/Icon_Film.png
  artifactKey: Guid(93210701ebcbf434ca11e4a31f77fc52) Importer(815301076,1909f56bfc062723c751e8b465ee728b)
Start importing Assets/ExportedIcons/Icon_Film.png using Guid(93210701ebcbf434ca11e4a31f77fc52) Importer(815301076,1909f56bfc062723c751e8b465ee728b)  -> (artifact id: '91bf37f5204f5ff75ab4dd74dad8587b') in 0.038738 seconds
Number of updated asset objects reloaded before import = 0
Number of asset objects unloaded after import = 3
========================================================================
Received Import Request.
  Time since last request: 0.000022 seconds.
  path: Assets/ExportedIcons/Icon_Camera.png
  artifactKey: Guid(c18f6d11b881a27449e438bc679f5fca) Importer(815301076,1909f56bfc062723c751e8b465ee728b)
Start importing Assets/ExportedIcons/Icon_Camera.png using Guid(c18f6d11b881a27449e438bc679f5fca) Importer(815301076,1909f56bfc062723c751e8b465ee728b)  -> (artifact id: '101c06ab0a2a5112e4ed688782ee424f') in 0.020532 seconds
Number of updated asset objects reloaded before import = 0
Number of asset objects unloaded after import = 3
========================================================================
Received Import Request.
  Time since last request: 0.000020 seconds.
  path: Assets/ExportedIcons/Icon_Play.png
  artifactKey: Guid(3cf3445da09eea8489164262e29c725b) Importer(815301076,1909f56bfc062723c751e8b465ee728b)
Start importing Assets/ExportedIcons/Icon_Play.png using Guid(3cf3445da09eea8489164262e29c725b) Importer(815301076,1909f56bfc062723c751e8b465ee728b)  -> (artifact id: '66aad51ab96ffd129c2ccd57770c165f') in 0.022475 seconds
Number of updated asset objects reloaded before import = 0
Number of asset objects unloaded after import = 3
========================================================================
Received Import Request.
  Time since last request: 0.000024 seconds.
  path: Assets/ExportedIcons/Icon_Cart.png
  artifactKey: Guid(5e7563d452844ad4eaf4e1333f3d9029) Importer(815301076,1909f56bfc062723c751e8b465ee728b)
Start importing Assets/ExportedIcons/Icon_Cart.png using Guid(5e7563d452844ad4eaf4e1333f3d9029) Importer(815301076,1909f56bfc062723c751e8b465ee728b)  -> (artifact id: '183cc4f28b0efda7c137c76b3768d95c') in 0.021943 seconds
Number of updated asset objects reloaded before import = 0
Number of asset objects unloaded after import = 3
========================================================================
Received Import Request.
  Time since last request: 0.000019 seconds.
  path: Assets/ExportedIcons/Icon_Exit.png
  artifactKey: Guid(064f55f0559645b46ad7fe4e7d02b157) Importer(815301076,1909f56bfc062723c751e8b465ee728b)
Start importing Assets/ExportedIcons/Icon_Exit.png using Guid(064f55f0559645b46ad7fe4e7d02b157) Importer(815301076,1909f56bfc062723c751e8b465ee728b)  -> (artifact id: '092f916f13280b388ee0d473e1ac7207') in 0.027926 seconds
Number of updated asset objects reloaded before import = 0
Number of asset objects unloaded after import = 3
========================================================================
Received Import Request.
  Time since last request: 0.000016 seconds.
  path: Assets/ExportedIcons/Icon_Image.png
  artifactKey: Guid(35e07a8750d634a4c840128181c5812c) Importer(815301076,1909f56bfc062723c751e8b465ee728b)
Start importing Assets/ExportedIcons/Icon_Image.png using Guid(35e07a8750d634a4c840128181c5812c) Importer(815301076,1909f56bfc062723c751e8b465ee728b)  -> (artifact id: 'f5fabba758ce7cdef31e3dc0c52f3c04') in 0.021330 seconds
Number of updated asset objects reloaded before import = 0
Number of asset objects unloaded after import = 3
========================================================================
Received Import Request.
  Time since last request: 0.000022 seconds.
  path: Assets/ExportedIcons/Icon_Ghost.png
  artifactKey: Guid(8c9e7e16541bdc9429e0440fa2d976dc) Importer(815301076,1909f56bfc062723c751e8b465ee728b)
Start importing Assets/ExportedIcons/Icon_Ghost.png using Guid(8c9e7e16541bdc9429e0440fa2d976dc) Importer(815301076,1909f56bfc062723c751e8b465ee728b)  -> (artifact id: 'f4f2f4349e2631caac5d84acdba9410f') in 0.025770 seconds
Number of updated asset objects reloaded before import = 0
Number of asset objects unloaded after import = 3
========================================================================
Received Import Request.
  Time since last request: 0.000026 seconds.
  path: Assets/ExportedIcons/Icon_Clock.png
  artifactKey: Guid(41b046d97c736d040a80e7a92865a92b) Importer(815301076,1909f56bfc062723c751e8b465ee728b)
Start importing Assets/ExportedIcons/Icon_Clock.png using Guid(41b046d97c736d040a80e7a92865a92b) Importer(815301076,1909f56bfc062723c751e8b465ee728b)  -> (artifact id: '6adf06ce354342772161c81fb4607625') in 0.020703 seconds
Number of updated asset objects reloaded before import = 0
Number of asset objects unloaded after import = 3
========================================================================
Received Import Request.
  Time since last request: 0.000017 seconds.
  path: Assets/ExportedIcons/Icon_Settings.png
  artifactKey: Guid(cc4b6242bea65b84ba289769ff45489a) Importer(815301076,1909f56bfc062723c751e8b465ee728b)
Start importing Assets/ExportedIcons/Icon_Settings.png using Guid(cc4b6242bea65b84ba289769ff45489a) Importer(815301076,1909f56bfc062723c751e8b465ee728b)  -> (artifact id: 'e679d11482af68bfafb91e9373df0734') in 0.034568 seconds
Number of updated asset objects reloaded before import = 0
Number of asset objects unloaded after import = 3
========================================================================
Received Import Request.
  Time since last request: 0.000037 seconds.
  path: Assets/ExportedIcons/Icon_Mail.png
  artifactKey: Guid(b637ab6ecccaae245b7df11007d9b12c) Importer(815301076,1909f56bfc062723c751e8b465ee728b)
Start importing Assets/ExportedIcons/Icon_Mail.png using Guid(b637ab6ecccaae245b7df11007d9b12c) Importer(815301076,1909f56bfc062723c751e8b465ee728b)  -> (artifact id: 'aa25976a018a454c2af49abe794f68ad') in 0.019600 seconds
Number of updated asset objects reloaded before import = 0
Number of asset objects unloaded after import = 3
========================================================================
Received Import Request.
  Time since last request: 0.000022 seconds.
  path: Assets/ExportedIcons/Icon_Like.png
  artifactKey: Guid(c28ba151f23180f439b5d3eb628fc3fc) Importer(815301076,1909f56bfc062723c751e8b465ee728b)
Start importing Assets/ExportedIcons/Icon_Like.png using Guid(c28ba151f23180f439b5d3eb628fc3fc) Importer(815301076,1909f56bfc062723c751e8b465ee728b)  -> (artifact id: '8a2f117e1381bd39e77d01323cd960e6') in 0.021225 seconds
Number of updated asset objects reloaded before import = 0
Number of asset objects unloaded after import = 3
========================================================================
Received Import Request.
  Time since last request: 0.000024 seconds.
  path: Assets/ExportedIcons/Icon_Food.png
  artifactKey: Guid(3b78f0857bdce474885a9b8ed4d1d714) Importer(815301076,1909f56bfc062723c751e8b465ee728b)
Start importing Assets/ExportedIcons/Icon_Food.png using Guid(3b78f0857bdce474885a9b8ed4d1d714) Importer(815301076,1909f56bfc062723c751e8b465ee728b)  -> (artifact id: '76720133aa0f726b38b1542ccf5fe3d4') in 0.020866 seconds
Number of updated asset objects reloaded before import = 0
Number of asset objects unloaded after import = 3
========================================================================
Received Import Request.
  Time since last request: 0.000013 seconds.
  path: Assets/ExportedIcons/Icon_Hanger.png
  artifactKey: Guid(3756285fcfe0c264d8f624c71945576d) Importer(815301076,1909f56bfc062723c751e8b465ee728b)
Start importing Assets/ExportedIcons/Icon_Hanger.png using Guid(3756285fcfe0c264d8f624c71945576d) Importer(815301076,1909f56bfc062723c751e8b465ee728b)  -> (artifact id: '202c55a5bce58758c49bb33e262913f2') in 0.020597 seconds
Number of updated asset objects reloaded before import = 0
Number of asset objects unloaded after import = 3
========================================================================
Received Import Request.
  Time since last request: 0.000020 seconds.
  path: Assets/ExportedIcons/Icon_Cup.png
  artifactKey: Guid(e5d09f18f626b5b4fa28b1699cbabf37) Importer(815301076,1909f56bfc062723c751e8b465ee728b)
Start importing Assets/ExportedIcons/Icon_Cup.png using Guid(e5d09f18f626b5b4fa28b1699cbabf37) Importer(815301076,1909f56bfc062723c751e8b465ee728b)  -> (artifact id: 'a2225d94432453e83602b635d9785d1f') in 0.021240 seconds
Number of updated asset objects reloaded before import = 0
Number of asset objects unloaded after import = 3
========================================================================
Received Import Request.
  Time since last request: 0.000018 seconds.
  path: Assets/ExportedIcons/Icon_BatteryLow.png
  artifactKey: Guid(0f67f6d7268d3754eab381927511282e) Importer(815301076,1909f56bfc062723c751e8b465ee728b)
Start importing Assets/ExportedIcons/Icon_BatteryLow.png using Guid(0f67f6d7268d3754eab381927511282e) Importer(815301076,1909f56bfc062723c751e8b465ee728b)  -> (artifact id: 'c4e75c2b90104ce5a57d1c03889cb6e6') in 0.018840 seconds
Number of updated asset objects reloaded before import = 0
Number of asset objects unloaded after import = 3
========================================================================
Received Import Request.
  Time since last request: 0.066133 seconds.
  path: Assets/ExportedIcons/Icon_Skull.png
  artifactKey: Guid(f0227a33a42a156439be382991e46e21) Importer(815301076,1909f56bfc062723c751e8b465ee728b)
Start importing Assets/ExportedIcons/Icon_Skull.png using Guid(f0227a33a42a156439be382991e46e21) Importer(815301076,1909f56bfc062723c751e8b465ee728b)  -> (artifact id: '32c8f4838dcccb0298bba6a63f2088f1') in 0.021191 seconds
Number of updated asset objects reloaded before import = 0
Number of asset objects unloaded after import = 3
========================================================================
Received Import Request.
  Time since last request: 0.000020 seconds.
  path: Assets/ExportedIcons/Icon_SqiuareTilt.png
  artifactKey: Guid(ebc20f84fdc75db4f82496e675d67007) Importer(815301076,1909f56bfc062723c751e8b465ee728b)
Start importing Assets/ExportedIcons/Icon_SqiuareTilt.png using Guid(ebc20f84fdc75db4f82496e675d67007) Importer(815301076,1909f56bfc062723c751e8b465ee728b)  -> (artifact id: '957523ff7c3fcbfc28c516067522336a') in 0.021129 seconds
Number of updated asset objects reloaded before import = 0
Number of asset objects unloaded after import = 3
========================================================================
Received Import Request.
  Time since last request: 0.000021 seconds.
  path: Assets/ExportedIcons/Icon_Write.png
  artifactKey: Guid(c38abb16f7fd0524e8d55b9ddc5d7b4b) Importer(815301076,1909f56bfc062723c751e8b465ee728b)
Start importing Assets/ExportedIcons/Icon_Write.png using Guid(c38abb16f7fd0524e8d55b9ddc5d7b4b) Importer(815301076,1909f56bfc062723c751e8b465ee728b)  -> (artifact id: 'afe4fda5d32efde0274e7adac40537fc') in 0.024261 seconds
Number of updated asset objects reloaded before import = 0
Number of asset objects unloaded after import = 3
========================================================================
Received Import Request.
  Time since last request: 0.000019 seconds.
  path: Assets/ExportedIcons/Icon_Trash.png
  artifactKey: Guid(c5f1ee56c7cfaf042a009c4ada0102f4) Importer(815301076,1909f56bfc062723c751e8b465ee728b)
Start importing Assets/ExportedIcons/Icon_Trash.png using Guid(c5f1ee56c7cfaf042a009c4ada0102f4) Importer(815301076,1909f56bfc062723c751e8b465ee728b)  -> (artifact id: '7bbd4b0dc294fa892dabb4962c2d0fb1') in 0.019428 seconds
Number of updated asset objects reloaded before import = 0
Number of asset objects unloaded after import = 3
========================================================================
Received Import Request.
  Time since last request: 0.000018 seconds.
  path: Assets/ExportedIcons/Icon_Stats.png
  artifactKey: Guid(914ebdd8aee6a5941963abbaa576d0d1) Importer(815301076,1909f56bfc062723c751e8b465ee728b)
Start importing Assets/ExportedIcons/Icon_Stats.png using Guid(914ebdd8aee6a5941963abbaa576d0d1) Importer(815301076,1909f56bfc062723c751e8b465ee728b)  -> (artifact id: '858da811fdce995db22c4d0682f8a027') in 0.017189 seconds
Number of updated asset objects reloaded before import = 0
Number of asset objects unloaded after import = 3
========================================================================
Received Import Request.
  Time since last request: 0.000024 seconds.
  path: Assets/ExportedIcons/Item2.png
  artifactKey: Guid(9f0b36b31a0f38446bc49e8109d04e85) Importer(815301076,1909f56bfc062723c751e8b465ee728b)
Start importing Assets/ExportedIcons/Item2.png using Guid(9f0b36b31a0f38446bc49e8109d04e85) Importer(815301076,1909f56bfc062723c751e8b465ee728b)  -> (artifact id: 'd21d1316a672584bb7fda1926961a662') in 0.024006 seconds
Number of updated asset objects reloaded before import = 0
Number of asset objects unloaded after import = 3
========================================================================
Received Import Request.
  Time since last request: 0.000023 seconds.
  path: Assets/ExportedIcons/Item5.png
  artifactKey: Guid(896e73bb15c4724449ff9d53e2603754) Importer(815301076,1909f56bfc062723c751e8b465ee728b)
Start importing Assets/ExportedIcons/Item5.png using Guid(896e73bb15c4724449ff9d53e2603754) Importer(815301076,1909f56bfc062723c751e8b465ee728b)  -> (artifact id: '096b0e21a7828895a5de547db58378d1') in 0.020320 seconds
Number of updated asset objects reloaded before import = 0
Number of asset objects unloaded after import = 3
========================================================================
Received Import Request.
  Time since last request: 0.000018 seconds.
  path: Assets/ExportedIcons/Item6.png
  artifactKey: Guid(5b86affd4c5f5af4b99304eededa8521) Importer(815301076,1909f56bfc062723c751e8b465ee728b)
Start importing Assets/ExportedIcons/Item6.png using Guid(5b86affd4c5f5af4b99304eededa8521) Importer(815301076,1909f56bfc062723c751e8b465ee728b)  -> (artifact id: 'da97b785b2a5a743a3ea60671962814c') in 0.019349 seconds
Number of updated asset objects reloaded before import = 0
Number of asset objects unloaded after import = 3
========================================================================
Received Import Request.
  Time since last request: 0.000021 seconds.
  path: Assets/ExportedIcons/Item1.png
  artifactKey: Guid(28e4a8bc5f0ddef44bf10653cba22d6a) Importer(815301076,1909f56bfc062723c751e8b465ee728b)
Start importing Assets/ExportedIcons/Item1.png using Guid(28e4a8bc5f0ddef44bf10653cba22d6a) Importer(815301076,1909f56bfc062723c751e8b465ee728b)  -> (artifact id: '7a2cad8e9d2aaafb4b2510a7b0eca004') in 0.020775 seconds
Number of updated asset objects reloaded before import = 0
Number of asset objects unloaded after import = 3
========================================================================
Received Import Request.
  Time since last request: 0.000027 seconds.
  path: Assets/ExportedIcons/Item3.png
  artifactKey: Guid(cd2d3721a67063b4bb6df18d4686562b) Importer(815301076,1909f56bfc062723c751e8b465ee728b)
Start importing Assets/ExportedIcons/Item3.png using Guid(cd2d3721a67063b4bb6df18d4686562b) Importer(815301076,1909f56bfc062723c751e8b465ee728b)  -> (artifact id: 'e14782caf756cb29be7d10676b1aecfe') in 0.021513 seconds
Number of updated asset objects reloaded before import = 0
Number of asset objects unloaded after import = 3
========================================================================
Received Import Request.
  Time since last request: 0.000026 seconds.
  path: Assets/ExportedIcons/Icon_SoundOn.png
  artifactKey: Guid(ecd9bf63da80f5047a543468e4b9df19) Importer(815301076,1909f56bfc062723c751e8b465ee728b)
Start importing Assets/ExportedIcons/Icon_SoundOn.png using Guid(ecd9bf63da80f5047a543468e4b9df19) Importer(815301076,1909f56bfc062723c751e8b465ee728b)  -> (artifact id: '55358b674ccb9cd0d3d93e1ee4f39d47') in 0.019593 seconds
Number of updated asset objects reloaded before import = 0
Number of asset objects unloaded after import = 3
Editor requested this worker to shutdown with reason: Scaling down because of idle timeout
TcpMessagingSession - receive error
AssetImportWorkerClient::OnTransportError - code=2 error=End of file
AssetImportWorker is now disconnected from the server
Process exiting
Exiting without the bug reporter. Application will terminate with return code 0