Using pre-set license
Built from '2022.3/staging' branch; Version is '2022.3.14f1 (eff2de9070d8) revision 15725278'; Using compiler version '192829333'; Build Type 'Release'
OS: 'Windows 11  (10.0.22621) 64bit Core' Language: 'zh' Physical Memory: 16088 MB
BatchMode: 1, IsHumanControllingUs: 0, StartBugReporterOnCrash: 0, Is64bit: 1, IsPro: 1

COMMAND LINE ARGUMENTS:
C:\Program Files\Unity\Hub\Editor\2022.3.14f1\Editor\Unity.exe
-adb2
-batchMode
-noUpm
-name
AssetImportWorker3
-projectPath
C:/Users/User/Documents/GitHub/çŸ¥è­˜çŽ‹/windows-program-final-project/çŸ¥è­˜çŽ‹
-logFile
Logs/AssetImportWorker3.log
-srvPort
57676
Successfully changed project path to: C:/Users/User/Documents/GitHub/çŸ¥è­˜çŽ‹/windows-program-final-project/çŸ¥è­˜çŽ‹
C:/Users/User/Documents/GitHub/çŸ¥è­˜çŽ‹/windows-program-final-project/çŸ¥è­˜çŽ‹
[UnityMemory] Configuration Parameters - Can be set up in boot.config
    "memorysetup-bucket-allocator-granularity=16"
    "memorysetup-bucket-allocator-bucket-count=8"
    "memorysetup-bucket-allocator-block-size=33554432"
    "memorysetup-bucket-allocator-block-count=8"
    "memorysetup-main-allocator-block-size=16777216"
    "memorysetup-thread-allocator-block-size=16777216"
    "memorysetup-gfx-main-allocator-block-size=16777216"
    "memorysetup-gfx-thread-allocator-block-size=16777216"
    "memorysetup-cache-allocator-block-size=4194304"
    "memorysetup-typetree-allocator-block-size=2097152"
    "memorysetup-profiler-bucket-allocator-granularity=16"
    "memorysetup-profiler-bucket-allocator-bucket-count=8"
    "memorysetup-profiler-bucket-allocator-block-size=33554432"
    "memorysetup-profiler-bucket-allocator-block-count=8"
    "memorysetup-profiler-allocator-block-size=16777216"
    "memorysetup-profiler-editor-allocator-block-size=1048576"
    "memorysetup-temp-allocator-size-main=16777216"
    "memorysetup-job-temp-allocator-block-size=2097152"
    "memorysetup-job-temp-allocator-block-size-background=1048576"
    "memorysetup-job-temp-allocator-reduction-small-platforms=262144"
    "memorysetup-allocator-temp-initial-block-size-main=262144"
    "memorysetup-allocator-temp-initial-block-size-worker=262144"
    "memorysetup-temp-allocator-size-background-worker=32768"
    "memorysetup-temp-allocator-size-job-worker=262144"
    "memorysetup-temp-allocator-size-preload-manager=33554432"
    "memorysetup-temp-allocator-size-nav-mesh-worker=65536"
    "memorysetup-temp-allocator-size-audio-worker=65536"
    "memorysetup-temp-allocator-size-cloud-worker=32768"
    "memorysetup-temp-allocator-size-gi-baking-worker=262144"
    "memorysetup-temp-allocator-size-gfx=262144"
Player connection [14964] Host "[IP] 140.116.110.2 [Port] 0 [Flags] 2 [Guid] 4124639987 [EditorId] 4124639987 [Version] 1048832 [Id] WindowsEditor(7,MSI) [Debug] 1 [PackageName] WindowsEditor [ProjectName] Editor" joined multi-casting on [225.0.0.222:54997]...

Player connection [14964] Host "[IP] 140.116.110.2 [Port] 0 [Flags] 2 [Guid] 4124639987 [EditorId] 4124639987 [Version] 1048832 [Id] WindowsEditor(7,MSI) [Debug] 1 [PackageName] WindowsEditor [ProjectName] Editor" joined alternative multi-casting on [225.0.0.222:34997]...

[Physics::Module] Initialized MultithreadedJobDispatcher with 19 workers.
Refreshing native plugins compatible for Editor in 11.17 ms, found 4 plugins.
Preloading 0 native plugins for Editor in 0.00 ms.
Initialize engine version: 2022.3.14f1 (eff2de9070d8)
[Subsystems] Discovering subsystems at path C:/Program Files/Unity/Hub/Editor/2022.3.14f1/Editor/Data/Resources/UnitySubsystems
[Subsystems] Discovering subsystems at path C:/Users/User/Documents/GitHub/çŸ¥è­˜çŽ‹/windows-program-final-project/çŸ¥è­˜çŽ‹/Assets
GfxDevice: creating device client; threaded=0; jobified=0
Direct3D:
    Version:  Direct3D 11.0 [level 11.1]
    Renderer: NVIDIA GeForce RTX 3060 Laptop GPU (ID=0x2520)
    Vendor:   NVIDIA
    VRAM:     6009 MB
    Driver:   31.0.15.3734
Initialize mono
Mono path[0] = 'C:/Program Files/Unity/Hub/Editor/2022.3.14f1/Editor/Data/Managed'
Mono path[1] = 'C:/Program Files/Unity/Hub/Editor/2022.3.14f1/Editor/Data/MonoBleedingEdge/lib/mono/unityjit-win32'
Mono config path = 'C:/Program Files/Unity/Hub/Editor/2022.3.14f1/Editor/Data/MonoBleedingEdge/etc'
Using monoOptions --debugger-agent=transport=dt_socket,embedding=1,server=y,suspend=n,address=127.0.0.1:56256
Begin MonoManager ReloadAssembly
Registering precompiled unity dll's ...
Register platform support module: C:/Program Files/Unity/Hub/Editor/2022.3.14f1/Editor/Data/PlaybackEngines/WindowsStandaloneSupport/UnityEditor.WindowsStandalone.Extensions.dll
Registered in 0.006133 seconds.
- Loaded All Assemblies, in  0.306 seconds
Native extension for WindowsStandalone target not found
Mono: successfully reloaded assembly
- Finished resetting the current domain, in  0.188 seconds
Domain Reload Profiling: 492ms
	BeginReloadAssembly (86ms)
		ExecutionOrderSort (0ms)
		DisableScriptedObjects (0ms)
		BackupInstance (0ms)
		ReleaseScriptingObjects (0ms)
		CreateAndSetChildDomain (1ms)
	RebuildCommonClasses (28ms)
	RebuildNativeTypeToScriptingClass (11ms)
	initialDomainReloadingComplete (55ms)
	LoadAllAssembliesAndSetupDomain (124ms)
		LoadAssemblies (84ms)
		RebuildTransferFunctionScriptingTraits (0ms)
		AnalyzeDomain (122ms)
			TypeCache.Refresh (120ms)
				TypeCache.ScanAssembly (105ms)
			ScanForSourceGeneratedMonoScriptInfo (0ms)
			ResolveRequiredComponents (0ms)
	FinalizeReload (188ms)
		ReleaseScriptCaches (0ms)
		RebuildScriptCaches (0ms)
		SetupLoadedEditorAssemblies (143ms)
			LogAssemblyErrors (0ms)
			InitializePlatformSupportModulesInManaged (7ms)
			SetLoadedEditorAssemblies (6ms)
			RefreshPlugins (0ms)
			BeforeProcessingInitializeOnLoad (2ms)
			ProcessInitializeOnLoadAttributes (93ms)
			ProcessInitializeOnLoadMethodAttributes (36ms)
			AfterProcessingInitializeOnLoad (0ms)
			EditorAssembliesLoaded (0ms)
		ExecutionOrderSort2 (0ms)
		AwakeInstancesAfterBackupRestoration (0ms)
========================================================================
Worker process is ready to serve import requests
Begin MonoManager ReloadAssembly
- Loaded All Assemblies, in  0.573 seconds
Refreshing native plugins compatible for Editor in 5.96 ms, found 4 plugins.
Native extension for WindowsStandalone target not found
Package Manager log level set to [2]
[Package Manager] Server::EnsureServerProcessIsRunning -- launch failed, reason: Unity was launched with the -noUpm command-line argument
[Package Manager] UpmClient::Send -- Unable to send message (not connected to UPM process).
[Package Manager] Cannot connect to Unity Package Manager local server
Mono: successfully reloaded assembly
- Finished resetting the current domain, in  0.544 seconds
Domain Reload Profiling: 1114ms
	BeginReloadAssembly (111ms)
		ExecutionOrderSort (0ms)
		DisableScriptedObjects (3ms)
		BackupInstance (0ms)
		ReleaseScriptingObjects (0ms)
		CreateAndSetChildDomain (17ms)
	RebuildCommonClasses (24ms)
	RebuildNativeTypeToScriptingClass (7ms)
	initialDomainReloadingComplete (35ms)
	LoadAllAssembliesAndSetupDomain (392ms)
		LoadAssemblies (339ms)
		RebuildTransferFunctionScriptingTraits (0ms)
		AnalyzeDomain (119ms)
			TypeCache.Refresh (100ms)
				TypeCache.ScanAssembly (88ms)
			ScanForSourceGeneratedMonoScriptInfo (14ms)
			ResolveRequiredComponents (3ms)
	FinalizeReload (545ms)
		ReleaseScriptCaches (0ms)
		RebuildScriptCaches (0ms)
		SetupLoadedEditorAssemblies (438ms)
			LogAssemblyErrors (0ms)
			InitializePlatformSupportModulesInManaged (5ms)
			SetLoadedEditorAssemblies (3ms)
			RefreshPlugins (0ms)
			BeforeProcessingInitializeOnLoad (50ms)
			ProcessInitializeOnLoadAttributes (343ms)
			ProcessInitializeOnLoadMethodAttributes (31ms)
			AfterProcessingInitializeOnLoad (6ms)
			EditorAssembliesLoaded (0ms)
		ExecutionOrderSort2 (0ms)
		AwakeInstancesAfterBackupRestoration (4ms)
Launched and connected shader compiler UnityShaderCompiler.exe after 0.04 seconds
Refreshing native plugins compatible for Editor in 4.21 ms, found 4 plugins.
Preloading 0 native plugins for Editor in 0.00 ms.
Unloading 4017 Unused Serialized files (Serialized files now loaded: 0)
Unloading 70 unused Assets / (244.5 KB). Loaded Objects now: 4472.
Memory consumption went from 149.0 MB to 148.8 MB.
Total: 3.133500 ms (FindLiveObjects: 0.208300 ms CreateObjectMapping: 0.088400 ms MarkObjects: 2.661400 ms  DeleteObjects: 0.174400 ms)

AssetImportParameters requested are different than current active one (requested -> active):
  custom:container-demuxer-ogg: 62fdf1f143b41e24485cea50d1cbac27 -> 
  custom:video-codec-MediaFoundation-h265: 746d11721c4dcdbdad8f713fa42b33f4 -> 
  custom:video-decoder-ogg-theora: a1e56fd34408186e4bbccfd4996cb3dc -> 
  custom:framework-win-MediaFoundation: 216162199b28c13a410421893ffa2e32 -> 
  custom:CustomObjectIndexerAttribute: 756ad292c208cfabdd7b50bc23989ffe -> 
  custom:container-demuxer-webm: 4f35f7cbe854078d1ac9338744f61a02 -> 
  custom:container-muxer-webm: aa71ff27fc2769a1b78a27578f13a17b -> 
  custom:video-decoder-webm-vp8: 9c59270c3fd7afecdb556c50c9e8de78 -> 
  custom:SearchIndexIgnoredProperties: e643bd26f0fe6173181afceb89e7c659 -> 
  custom:AudioImporter_EditorPlatform: d09bf68614088b80899f8185d706f6e7 -> 
  custom:video-encoder-webm-vp8: eb34c28f22e8b96e1ab97ce403110664 -> 
  custom:audio-decoder-ogg-vorbis: bf7c407c2cedff20999df2af8eb42d56 -> 
  custom:audio-encoder-webm-vorbis: bf7c407c2cedff20999df2af8eb42d56 -> 
========================================================================
Received Import Request.
  Time since last request: 31701.440722 seconds.
  path: Assets/JDSherbert - Ultimate UI SFX Pack [FREE]/mp3/JDSherbert - Ultimate UI SFX Pack - UI Click.mp3
  artifactKey: Guid(087bb80c627b3f246bb98a926817280c) Importer(815301076,1909f56bfc062723c751e8b465ee728b)
Start importing Assets/JDSherbert - Ultimate UI SFX Pack [FREE]/mp3/JDSherbert - Ultimate UI SFX Pack - UI Click.mp3 using Guid(087bb80c627b3f246bb98a926817280c) Importer(815301076,1909f56bfc062723c751e8b465ee728b)  -> (artifact id: '3b344e0bb4483835dffa7ae9f8b29eae') in 0.083340 seconds
Number of updated asset objects reloaded before import = 0
Number of asset objects unloaded after import = 2
========================================================================
Received Import Request.
  Time since last request: 0.000020 seconds.
  path: Assets/JDSherbert - Ultimate UI SFX Pack [FREE]/mp3/JDSherbert - Ultimate UI SFX Pack - UI Popup (Open - 1).mp3
  artifactKey: Guid(c23dd718538c35a4986d7ccbac3e83c7) Importer(815301076,1909f56bfc062723c751e8b465ee728b)
Start importing Assets/JDSherbert - Ultimate UI SFX Pack [FREE]/mp3/JDSherbert - Ultimate UI SFX Pack - UI Popup (Open - 1).mp3 using Guid(c23dd718538c35a4986d7ccbac3e83c7) Importer(815301076,1909f56bfc062723c751e8b465ee728b)  -> (artifact id: '09cf753145b9a049edbac7a8d5a288e3') in 0.013206 seconds
Number of updated asset objects reloaded before import = 0
Number of asset objects unloaded after import = 2
========================================================================
Received Import Request.
  Time since last request: 0.000034 seconds.
  path: Assets/JDSherbert - Ultimate UI SFX Pack [FREE]/mp3/JDSherbert - Ultimate UI SFX Pack - UI Select.mp3
  artifactKey: Guid(a6865c14f8ae28445ae49466094810e5) Importer(815301076,1909f56bfc062723c751e8b465ee728b)
Start importing Assets/JDSherbert - Ultimate UI SFX Pack [FREE]/mp3/JDSherbert - Ultimate UI SFX Pack - UI Select.mp3 using Guid(a6865c14f8ae28445ae49466094810e5) Importer(815301076,1909f56bfc062723c751e8b465ee728b)  -> (artifact id: 'b5e13b606de144ccd140f3238d3afa25') in 0.015257 seconds
Number of updated asset objects reloaded before import = 0
Number of asset objects unloaded after import = 2
========================================================================
Received Import Request.
  Time since last request: 0.000022 seconds.
  path: Assets/JDSherbert - Ultimate UI SFX Pack [FREE]/mp3/JDSherbert - Ultimate UI SFX Pack - UI Confirm (1).mp3
  artifactKey: Guid(79007d126ed43514692838fd8ddc8cbd) Importer(815301076,1909f56bfc062723c751e8b465ee728b)
Start importing Assets/JDSherbert - Ultimate UI SFX Pack [FREE]/mp3/JDSherbert - Ultimate UI SFX Pack - UI Confirm (1).mp3 using Guid(79007d126ed43514692838fd8ddc8cbd) Importer(815301076,1909f56bfc062723c751e8b465ee728b)  -> (artifact id: 'c43837095c7cc7ebca5cdd7ba62013a3') in 0.014547 seconds
Number of updated asset objects reloaded before import = 0
Number of asset objects unloaded after import = 2
========================================================================
Received Import Request.
  Time since last request: 0.000033 seconds.
  path: Assets/JDSherbert - Ultimate UI SFX Pack [FREE]/mp3/JDSherbert - Ultimate UI SFX Pack - UI Confirm (2).mp3
  artifactKey: Guid(ff8ecfdded8f5264281c944cd7977b0a) Importer(815301076,1909f56bfc062723c751e8b465ee728b)
Start importing Assets/JDSherbert - Ultimate UI SFX Pack [FREE]/mp3/JDSherbert - Ultimate UI SFX Pack - UI Confirm (2).mp3 using Guid(ff8ecfdded8f5264281c944cd7977b0a) Importer(815301076,1909f56bfc062723c751e8b465ee728b)  -> (artifact id: '99c82b86f559a5401dda85ffa867b1a2') in 0.016536 seconds
Number of updated asset objects reloaded before import = 0
Number of asset objects unloaded after import = 2
========================================================================
Received Import Request.
  Time since last request: 0.000035 seconds.
  path: Assets/JDSherbert - Ultimate UI SFX Pack [FREE]/mp3/JDSherbert - Ultimate UI SFX Pack - UI Error (2).mp3
  artifactKey: Guid(d332e88d440b2d1439d15e0b5adfecf9) Importer(815301076,1909f56bfc062723c751e8b465ee728b)
Start importing Assets/JDSherbert - Ultimate UI SFX Pack [FREE]/mp3/JDSherbert - Ultimate UI SFX Pack - UI Error (2).mp3 using Guid(d332e88d440b2d1439d15e0b5adfecf9) Importer(815301076,1909f56bfc062723c751e8b465ee728b)  -> (artifact id: '32ae267c2a7709c99b3eebdb6c6aab3f') in 0.013488 seconds
Number of updated asset objects reloaded before import = 0
Number of asset objects unloaded after import = 2
========================================================================
Received Import Request.
  Time since last request: 0.000019 seconds.
  path: Assets/JDSherbert - Ultimate UI SFX Pack [FREE]/mp3/JDSherbert - Ultimate UI SFX Pack - UI Popup (Close - 3).mp3
  artifactKey: Guid(6726bd5bf06d1694f8079a9092d7ea9b) Importer(815301076,1909f56bfc062723c751e8b465ee728b)
Start importing Assets/JDSherbert - Ultimate UI SFX Pack [FREE]/mp3/JDSherbert - Ultimate UI SFX Pack - UI Popup (Close - 3).mp3 using Guid(6726bd5bf06d1694f8079a9092d7ea9b) Importer(815301076,1909f56bfc062723c751e8b465ee728b)  -> (artifact id: '167be0e40447f7d1ece840b068baf645') in 0.015910 seconds
Number of updated asset objects reloaded before import = 0
Number of asset objects unloaded after import = 2
========================================================================
Received Import Request.
  Time since last request: 27.883802 seconds.
  path: Assets/JDSherbert - Ultimate UI SFX Pack [FREE]/ogg/JDSherbert - Ultimate UI SFX Pack - UI Confirm (1).ogg
  artifactKey: Guid(f5d7b3dad0627c54f9f9545219709edc) Importer(815301076,1909f56bfc062723c751e8b465ee728b)
Start importing Assets/JDSherbert - Ultimate UI SFX Pack [FREE]/ogg/JDSherbert - Ultimate UI SFX Pack - UI Confirm (1).ogg using Guid(f5d7b3dad0627c54f9f9545219709edc) Importer(815301076,1909f56bfc062723c751e8b465ee728b)  -> (artifact id: '01cfe6963ceb89163099238fcd5eaa82') in 0.013602 seconds
Number of updated asset objects reloaded before import = 0
Number of asset objects unloaded after import = 2
========================================================================
Received Import Request.
  Time since last request: 0.000022 seconds.
  path: Assets/JDSherbert - Ultimate UI SFX Pack [FREE]/ogg/JDSherbert - Ultimate UI SFX Pack - UI Popup (Open - 1).ogg
  artifactKey: Guid(a8c781811eed8794d8325aa3ded48550) Importer(815301076,1909f56bfc062723c751e8b465ee728b)
Start importing Assets/JDSherbert - Ultimate UI SFX Pack [FREE]/ogg/JDSherbert - Ultimate UI SFX Pack - UI Popup (Open - 1).ogg using Guid(a8c781811eed8794d8325aa3ded48550) Importer(815301076,1909f56bfc062723c751e8b465ee728b)  -> (artifact id: '764b75467231fdac458e52393b5bc83d') in 0.015130 seconds
Number of updated asset objects reloaded before import = 0
Number of asset objects unloaded after import = 2
========================================================================
Received Import Request.
  Time since last request: 0.000063 seconds.
  path: Assets/JDSherbert - Ultimate UI SFX Pack [FREE]/ogg/JDSherbert - Ultimate UI SFX Pack - UI Popup (Open - 3).ogg
  artifactKey: Guid(9bddd008f6008ce4794d0a365d745d04) Importer(815301076,1909f56bfc062723c751e8b465ee728b)
Start importing Assets/JDSherbert - Ultimate UI SFX Pack [FREE]/ogg/JDSherbert - Ultimate UI SFX Pack - UI Popup (Open - 3).ogg using Guid(9bddd008f6008ce4794d0a365d745d04) Importer(815301076,1909f56bfc062723c751e8b465ee728b)  -> (artifact id: 'c40c8227686e688e9d9340b47d1b60b4') in 0.015036 seconds
Number of updated asset objects reloaded before import = 0
Number of asset objects unloaded after import = 2
========================================================================
Received Import Request.
  Time since last request: 0.000027 seconds.
  path: Assets/JDSherbert - Ultimate UI SFX Pack [FREE]/ogg/JDSherbert - Ultimate UI SFX Pack - UI Error (2).ogg
  artifactKey: Guid(ab08694b696c9d54884f2caa287ddcff) Importer(815301076,1909f56bfc062723c751e8b465ee728b)
Start importing Assets/JDSherbert - Ultimate UI SFX Pack [FREE]/ogg/JDSherbert - Ultimate UI SFX Pack - UI Error (2).ogg using Guid(ab08694b696c9d54884f2caa287ddcff) Importer(815301076,1909f56bfc062723c751e8b465ee728b)  -> (artifact id: '0d22e0524fec461e24645376026fccd6') in 0.013873 seconds
Number of updated asset objects reloaded before import = 0
Number of asset objects unloaded after import = 2
========================================================================
Received Import Request.
  Time since last request: 0.000055 seconds.
  path: Assets/JDSherbert - Ultimate UI SFX Pack [FREE]/ogg/JDSherbert - Ultimate UI SFX Pack - UI Popup (Close - 1).ogg
  artifactKey: Guid(a200e1d527e222c4d98acf6f7d179d3c) Importer(815301076,1909f56bfc062723c751e8b465ee728b)
Start importing Assets/JDSherbert - Ultimate UI SFX Pack [FREE]/ogg/JDSherbert - Ultimate UI SFX Pack - UI Popup (Close - 1).ogg using Guid(a200e1d527e222c4d98acf6f7d179d3c) Importer(815301076,1909f56bfc062723c751e8b465ee728b)  -> (artifact id: 'c0263628749226667b928767febcc4c1') in 0.015087 seconds
Number of updated asset objects reloaded before import = 0
Number of asset objects unloaded after import = 2
========================================================================
Received Import Request.
  Time since last request: 8.496730 seconds.
  path: Assets/JDSherbert - Ultimate UI SFX Pack [FREE]/wav/JDSherbert - Ultimate UI SFX Pack - UI Confirm (1).wav
  artifactKey: Guid(0c240eada3e27154db5b315235d14bfd) Importer(815301076,1909f56bfc062723c751e8b465ee728b)
Start importing Assets/JDSherbert - Ultimate UI SFX Pack [FREE]/wav/JDSherbert - Ultimate UI SFX Pack - UI Confirm (1).wav using Guid(0c240eada3e27154db5b315235d14bfd) Importer(815301076,1909f56bfc062723c751e8b465ee728b)  -> (artifact id: '425fbdf4996868f576c08b9e85bd25bb') in 0.012774 seconds
Number of updated asset objects reloaded before import = 0
Number of asset objects unloaded after import = 2
========================================================================
Received Import Request.
  Time since last request: 0.000020 seconds.
  path: Assets/JDSherbert - Ultimate UI SFX Pack [FREE]/wav/JDSherbert - Ultimate UI SFX Pack - UI Hover.wav
  artifactKey: Guid(aae15caeb863e6b46b09aa4a9cb71b7f) Importer(815301076,1909f56bfc062723c751e8b465ee728b)
Start importing Assets/JDSherbert - Ultimate UI SFX Pack [FREE]/wav/JDSherbert - Ultimate UI SFX Pack - UI Hover.wav using Guid(aae15caeb863e6b46b09aa4a9cb71b7f) Importer(815301076,1909f56bfc062723c751e8b465ee728b)  -> (artifact id: '8faae7754c136257b8c4b36c031992a0') in 0.012509 seconds
Number of updated asset objects reloaded before import = 0
Number of asset objects unloaded after import = 2
========================================================================
Received Import Request.
  Time since last request: 0.010463 seconds.
  path: Assets/JDSherbert - Ultimate UI SFX Pack [FREE]/wav/JDSherbert - Ultimate UI SFX Pack - UI Popup (Open - 3).wav
  artifactKey: Guid(4e470192cbfe0fa4780ffccb2e9b24c6) Importer(815301076,1909f56bfc062723c751e8b465ee728b)
Start importing Assets/JDSherbert - Ultimate UI SFX Pack [FREE]/wav/JDSherbert - Ultimate UI SFX Pack - UI Popup (Open - 3).wav using Guid(4e470192cbfe0fa4780ffccb2e9b24c6) Importer(815301076,1909f56bfc062723c751e8b465ee728b)  -> (artifact id: '224ce3887bc659b34f7367eaf100feaf') in 0.011100 seconds
Number of updated asset objects reloaded before import = 0
Number of asset objects unloaded after import = 2
========================================================================
Received Import Request.
  Time since last request: 448.998155 seconds.
  path: Assets/Sound/Music/Abstraction - VGMA July Daily Challenge/VGMA Challenge - July 1st.wav
  artifactKey: Guid(ae37db8f26ad2dc49ae1b58e7dbe2797) Importer(815301076,1909f56bfc062723c751e8b465ee728b)
Start importing Assets/Sound/Music/Abstraction - VGMA July Daily Challenge/VGMA Challenge - July 1st.wav using Guid(ae37db8f26ad2dc49ae1b58e7dbe2797) Importer(815301076,1909f56bfc062723c751e8b465ee728b)  -> (artifact id: '7c74141c93d4f9232d168a29e2ad2810') in 0.030132 seconds
Number of updated asset objects reloaded before import = 0
Number of asset objects unloaded after import = 2
========================================================================
Received Import Request.
  Time since last request: 0.000057 seconds.
  path: Assets/Sound/Music/Abstraction - VGMA July Daily Challenge/VGMA Challenge - July 2nd.wav
  artifactKey: Guid(69dc6b1bad1042145bd49d0121906479) Importer(815301076,1909f56bfc062723c751e8b465ee728b)
Start importing Assets/Sound/Music/Abstraction - VGMA July Daily Challenge/VGMA Challenge - July 2nd.wav using Guid(69dc6b1bad1042145bd49d0121906479) Importer(815301076,1909f56bfc062723c751e8b465ee728b)  -> (artifact id: 'fcab1214a12abf8dc5127e41101cf047') in 0.014419 seconds
Number of updated asset objects reloaded before import = 0
Number of asset objects unloaded after import = 2
========================================================================
Received Import Request.
  Time since last request: 0.016891 seconds.
  path: Assets/Sound/Music/Abstraction - VGMA July Daily Challenge/VGMA Challenge - July 6th.wav
  artifactKey: Guid(2afd143c3ae6696488e729ccdc79edaa) Importer(815301076,1909f56bfc062723c751e8b465ee728b)
Start importing Assets/Sound/Music/Abstraction - VGMA July Daily Challenge/VGMA Challenge - July 6th.wav using Guid(2afd143c3ae6696488e729ccdc79edaa) Importer(815301076,1909f56bfc062723c751e8b465ee728b)  -> (artifact id: 'f3e17699f47d8ea3381e7d749eeb9fc5') in 0.017039 seconds
Number of updated asset objects reloaded before import = 0
Number of asset objects unloaded after import = 2
========================================================================
Received Import Request.
  Time since last request: 0.019670 seconds.
  path: Assets/Sound/Music/Abstraction - VGMA July Daily Challenge/VGMA Challenge - July 10th.wav
  artifactKey: Guid(e087e6e1564a7fe418b9ce55dfe444a1) Importer(815301076,1909f56bfc062723c751e8b465ee728b)
Start importing Assets/Sound/Music/Abstraction - VGMA July Daily Challenge/VGMA Challenge - July 10th.wav using Guid(e087e6e1564a7fe418b9ce55dfe444a1) Importer(815301076,1909f56bfc062723c751e8b465ee728b)  -> (artifact id: '0edea57f455b5e1d064707d4b1969ca0') in 0.014385 seconds
Number of updated asset objects reloaded before import = 0
Number of asset objects unloaded after import = 2
========================================================================
Received Import Request.
  Time since last request: 0.000018 seconds.
  path: Assets/Sound/Music/Abstraction - VGMA July Daily Challenge/VGMA Challenge - July 15th.wav
  artifactKey: Guid(aa5aa5d1a1a35024b817725ffdf373c3) Importer(815301076,1909f56bfc062723c751e8b465ee728b)
Start importing Assets/Sound/Music/Abstraction - VGMA July Daily Challenge/VGMA Challenge - July 15th.wav using Guid(aa5aa5d1a1a35024b817725ffdf373c3) Importer(815301076,1909f56bfc062723c751e8b465ee728b)  -> (artifact id: 'f0f3a6c76342ef132a4e1122122da792') in 0.015290 seconds
Number of updated asset objects reloaded before import = 0
Number of asset objects unloaded after import = 2
========================================================================
Received Import Request.
  Time since last request: 0.000025 seconds.
  path: Assets/Sound/Music/Abstraction - VGMA July Daily Challenge/VGMA Challenge - July 21th.wav
  artifactKey: Guid(7dbd80f93eea8aa47bc769d7770a1f37) Importer(815301076,1909f56bfc062723c751e8b465ee728b)
Start importing Assets/Sound/Music/Abstraction - VGMA July Daily Challenge/VGMA Challenge - July 21th.wav using Guid(7dbd80f93eea8aa47bc769d7770a1f37) Importer(815301076,1909f56bfc062723c751e8b465ee728b)  -> (artifact id: '620f49078399c2de2e8959c2c6b11a0f') in 0.013701 seconds
Number of updated asset objects reloaded before import = 0
Number of asset objects unloaded after import = 2
========================================================================
Received Import Request.
  Time since last request: 0.000014 seconds.
  path: Assets/Sound/Music/Abstraction - VGMA July Daily Challenge/VGMA Challenge - July 28th.wav
  artifactKey: Guid(0c80888f9f55a1044a58b189b9ee2180) Importer(815301076,1909f56bfc062723c751e8b465ee728b)
Start importing Assets/Sound/Music/Abstraction - VGMA July Daily Challenge/VGMA Challenge - July 28th.wav using Guid(0c80888f9f55a1044a58b189b9ee2180) Importer(815301076,1909f56bfc062723c751e8b465ee728b)  -> (artifact id: 'bd2e9859437faea6d10bc78078e5809d') in 0.013678 seconds
Number of updated asset objects reloaded before import = 0
Number of asset objects unloaded after import = 2
========================================================================
Received Import Request.
  Time since last request: 0.000046 seconds.
  path: Assets/Sound/Music/Abstraction - VGMA July Daily Challenge/VGMA Challenge - July 27th.wav
  artifactKey: Guid(48080d72a06b68b438241174c33ceb9c) Importer(815301076,1909f56bfc062723c751e8b465ee728b)
Start importing Assets/Sound/Music/Abstraction - VGMA July Daily Challenge/VGMA Challenge - July 27th.wav using Guid(48080d72a06b68b438241174c33ceb9c) Importer(815301076,1909f56bfc062723c751e8b465ee728b)  -> (artifact id: 'eb8116947ae35f8bcf83cbc2cf07da3d') in 0.015967 seconds
Number of updated asset objects reloaded before import = 0
Number of asset objects unloaded after import = 2
========================================================================
Received Import Request.
  Time since last request: 0.000058 seconds.
  path: Assets/Sound/Music/Abstraction - VGMA July Daily Challenge/VGMA Challenge - July 16th.wav
  artifactKey: Guid(a191c0984cd20374683e3acd99925723) Importer(815301076,1909f56bfc062723c751e8b465ee728b)
Start importing Assets/Sound/Music/Abstraction - VGMA July Daily Challenge/VGMA Challenge - July 16th.wav using Guid(a191c0984cd20374683e3acd99925723) Importer(815301076,1909f56bfc062723c751e8b465ee728b)  -> (artifact id: '252749db3c17621a0019393176027f04') in 0.014918 seconds
Number of updated asset objects reloaded before import = 0
Number of asset objects unloaded after import = 2
========================================================================
Received Import Request.
  Time since last request: 0.000028 seconds.
  path: Assets/Sound/Music/Abstraction - VGMA July Daily Challenge/VGMA Challenge - July 14th.wav
  artifactKey: Guid(02b808ac3f13e144b9830e83c4d1d603) Importer(815301076,1909f56bfc062723c751e8b465ee728b)
Start importing Assets/Sound/Music/Abstraction - VGMA July Daily Challenge/VGMA Challenge - July 14th.wav using Guid(02b808ac3f13e144b9830e83c4d1d603) Importer(815301076,1909f56bfc062723c751e8b465ee728b)  -> (artifact id: 'd5251b87768e62fe89ebe1a678f862ce') in 0.014631 seconds
Number of updated asset objects reloaded before import = 0
Number of asset objects unloaded after import = 2
========================================================================
Received Import Request.
  Time since last request: 0.000016 seconds.
  path: Assets/Sound/Music/Abstraction - VGMA July Daily Challenge/VGMA Challenge - July 17th.wav
  artifactKey: Guid(0fc98814fb5cbce479bc160338b86954) Importer(815301076,1909f56bfc062723c751e8b465ee728b)
Start importing Assets/Sound/Music/Abstraction - VGMA July Daily Challenge/VGMA Challenge - July 17th.wav using Guid(0fc98814fb5cbce479bc160338b86954) Importer(815301076,1909f56bfc062723c751e8b465ee728b)  -> (artifact id: 'eecab1f8c4d2b98eb3c79a713c661c21') in 0.013554 seconds
Number of updated asset objects reloaded before import = 0
Number of asset objects unloaded after import = 2
========================================================================
Received Import Request.
  Time since last request: 0.000016 seconds.
  path: Assets/Sound/Music/Abstraction - VGMA July Daily Challenge/VGMA Challenge - July 23rd.wav
  artifactKey: Guid(27e03c5e3653c614da4fab5cc8e81b65) Importer(815301076,1909f56bfc062723c751e8b465ee728b)
Start importing Assets/Sound/Music/Abstraction - VGMA July Daily Challenge/VGMA Challenge - July 23rd.wav using Guid(27e03c5e3653c614da4fab5cc8e81b65) Importer(815301076,1909f56bfc062723c751e8b465ee728b)  -> (artifact id: '4c29da7ebab2b11f62e8c287c7a13eaf') in 0.013583 seconds
Number of updated asset objects reloaded before import = 0
Number of asset objects unloaded after import = 2
========================================================================
Received Import Request.
  Time since last request: 0.000018 seconds.
  path: Assets/Sound/Music/Abstraction - VGMA July Daily Challenge/VGMA Challenge - July 29th.wav
  artifactKey: Guid(e3fb4d8a91f67f646b70cc8533e84013) Importer(815301076,1909f56bfc062723c751e8b465ee728b)
Start importing Assets/Sound/Music/Abstraction - VGMA July Daily Challenge/VGMA Challenge - July 29th.wav using Guid(e3fb4d8a91f67f646b70cc8533e84013) Importer(815301076,1909f56bfc062723c751e8b465ee728b)  -> (artifact id: '8cc2c313d2f1acf80d7b2d0e3db8c160') in 0.014508 seconds
Number of updated asset objects reloaded before import = 0
Number of asset objects unloaded after import = 2
========================================================================
Received Import Request.
  Time since last request: 0.000019 seconds.
  path: Assets/Sound/Music/Abstraction - VGMA July Daily Challenge/VGMA Challenge - July 3rd.wav
  artifactKey: Guid(bb24af78db3c71347aeedb23d4cfc777) Importer(815301076,1909f56bfc062723c751e8b465ee728b)
Start importing Assets/Sound/Music/Abstraction - VGMA July Daily Challenge/VGMA Challenge - July 3rd.wav using Guid(bb24af78db3c71347aeedb23d4cfc777) Importer(815301076,1909f56bfc062723c751e8b465ee728b)  -> (artifact id: '402422f10268ae3b048f9bf5b93e33e5') in 0.011246 seconds
Number of updated asset objects reloaded before import = 0
Number of asset objects unloaded after import = 2
========================================================================
Received Import Request.
  Time since last request: 0.000029 seconds.
  path: Assets/Sound/Music/Abstraction - VGMA July Daily Challenge/VGMA Challenge - July 4th.wav
  artifactKey: Guid(0ca36bb3bab6e894aae7ea91238278ca) Importer(815301076,1909f56bfc062723c751e8b465ee728b)
Start importing Assets/Sound/Music/Abstraction - VGMA July Daily Challenge/VGMA Challenge - July 4th.wav using Guid(0ca36bb3bab6e894aae7ea91238278ca) Importer(815301076,1909f56bfc062723c751e8b465ee728b)  -> (artifact id: '7eda401cc50f0c4ae8d9ec628a305333') in 0.013028 seconds
Number of updated asset objects reloaded before import = 0
Number of asset objects unloaded after import = 2
========================================================================
Received Import Request.
  Time since last request: 0.000027 seconds.
  path: Assets/Sound/Music/Abstraction - VGMA July Daily Challenge/VGMA Challenge - July 19th.wav
  artifactKey: Guid(4e3b03c6b6f49254c86733316b768173) Importer(815301076,1909f56bfc062723c751e8b465ee728b)
Start importing Assets/Sound/Music/Abstraction - VGMA July Daily Challenge/VGMA Challenge - July 19th.wav using Guid(4e3b03c6b6f49254c86733316b768173) Importer(815301076,1909f56bfc062723c751e8b465ee728b)  -> (artifact id: '17d25cddfd0e6c85e8a30db13293c127') in 0.014393 seconds
Number of updated asset objects reloaded before import = 0
Number of asset objects unloaded after import = 2
========================================================================
Received Import Request.
  Time since last request: 0.000026 seconds.
  path: Assets/Sound/Music/Abstraction - VGMA July Daily Challenge/VGMA Challenge - July 31st.wav
  artifactKey: Guid(8cd698ff44a5fa74d97c9360db6c813c) Importer(815301076,1909f56bfc062723c751e8b465ee728b)
Start importing Assets/Sound/Music/Abstraction - VGMA July Daily Challenge/VGMA Challenge - July 31st.wav using Guid(8cd698ff44a5fa74d97c9360db6c813c) Importer(815301076,1909f56bfc062723c751e8b465ee728b)  -> (artifact id: 'db645dbc20ac0f8c99b227a0855e349e') in 0.017933 seconds
Number of updated asset objects reloaded before import = 0
Number of asset objects unloaded after import = 2
Editor requested this worker to shutdown with reason: Scaling down because of idle timeout
TcpMessagingSession - receive error: operation aborted. errorcode: 995, details: ¦]¬°°õ¦æºüµ²§ô©ÎÀ³¥Îµ{¦¡­n¨D¡A©Ò¥H¤w¤¤¤î I/O ¾Þ§@¡C
AssetImportWorker is now disconnected from the server
Process exiting
Exiting without the bug reporter. Application will terminate with return code 0