Using pre-set license
Built from '2022.3/staging' branch; Version is '2022.3.14f1 (eff2de9070d8) revision 15725278'; Using compiler version '192829333'; Build Type 'Release'
OS: 'Windows 11  (10.0.22621) 64bit Core' Language: 'zh' Physical Memory: 16088 MB
BatchMode: 1, IsHumanControllingUs: 0, StartBugReporterOnCrash: 0, Is64bit: 1, IsPro: 1

COMMAND LINE ARGUMENTS:
C:\Program Files\Unity\Hub\Editor\2022.3.14f1\Editor\Unity.exe
-adb2
-batchMode
-noUpm
-name
AssetImportWorker2
-projectPath
C:/Users/User/Documents/GitHub/知識王/windows-program-final-project/知識王
-logFile
Logs/AssetImportWorker2.log
-srvPort
57676
Successfully changed project path to: C:/Users/User/Documents/GitHub/知識王/windows-program-final-project/知識王
C:/Users/User/Documents/GitHub/知識王/windows-program-final-project/知識王
[UnityMemory] Configuration Parameters - Can be set up in boot.config
    "memorysetup-bucket-allocator-granularity=16"
    "memorysetup-bucket-allocator-bucket-count=8"
    "memorysetup-bucket-allocator-block-size=33554432"
    "memorysetup-bucket-allocator-block-count=8"
    "memorysetup-main-allocator-block-size=16777216"
    "memorysetup-thread-allocator-block-size=16777216"
    "memorysetup-gfx-main-allocator-block-size=16777216"
    "memorysetup-gfx-thread-allocator-block-size=16777216"
    "memorysetup-cache-allocator-block-size=4194304"
    "memorysetup-typetree-allocator-block-size=2097152"
    "memorysetup-profiler-bucket-allocator-granularity=16"
    "memorysetup-profiler-bucket-allocator-bucket-count=8"
    "memorysetup-profiler-bucket-allocator-block-size=33554432"
    "memorysetup-profiler-bucket-allocator-block-count=8"
    "memorysetup-profiler-allocator-block-size=16777216"
    "memorysetup-profiler-editor-allocator-block-size=1048576"
    "memorysetup-temp-allocator-size-main=16777216"
    "memorysetup-job-temp-allocator-block-size=2097152"
    "memorysetup-job-temp-allocator-block-size-background=1048576"
    "memorysetup-job-temp-allocator-reduction-small-platforms=262144"
    "memorysetup-allocator-temp-initial-block-size-main=262144"
    "memorysetup-allocator-temp-initial-block-size-worker=262144"
    "memorysetup-temp-allocator-size-background-worker=32768"
    "memorysetup-temp-allocator-size-job-worker=262144"
    "memorysetup-temp-allocator-size-preload-manager=33554432"
    "memorysetup-temp-allocator-size-nav-mesh-worker=65536"
    "memorysetup-temp-allocator-size-audio-worker=65536"
    "memorysetup-temp-allocator-size-cloud-worker=32768"
    "memorysetup-temp-allocator-size-gi-baking-worker=262144"
    "memorysetup-temp-allocator-size-gfx=262144"
Player connection [11184] Host "[IP] 140.116.110.2 [Port] 0 [Flags] 2 [Guid] 2038037356 [EditorId] 2038037356 [Version] 1048832 [Id] WindowsEditor(7,MSI) [Debug] 1 [PackageName] WindowsEditor [ProjectName] Editor" joined multi-casting on [225.0.0.222:54997]...

Player connection [11184] Host "[IP] 140.116.110.2 [Port] 0 [Flags] 2 [Guid] 2038037356 [EditorId] 2038037356 [Version] 1048832 [Id] WindowsEditor(7,MSI) [Debug] 1 [PackageName] WindowsEditor [ProjectName] Editor" joined alternative multi-casting on [225.0.0.222:34997]...

[Physics::Module] Initialized MultithreadedJobDispatcher with 19 workers.
Refreshing native plugins compatible for Editor in 11.75 ms, found 4 plugins.
Preloading 0 native plugins for Editor in 0.00 ms.
Initialize engine version: 2022.3.14f1 (eff2de9070d8)
[Subsystems] Discovering subsystems at path C:/Program Files/Unity/Hub/Editor/2022.3.14f1/Editor/Data/Resources/UnitySubsystems
[Subsystems] Discovering subsystems at path C:/Users/User/Documents/GitHub/知識王/windows-program-final-project/知識王/Assets
GfxDevice: creating device client; threaded=0; jobified=0
Direct3D:
    Version:  Direct3D 11.0 [level 11.1]
    Renderer: NVIDIA GeForce RTX 3060 Laptop GPU (ID=0x2520)
    Vendor:   NVIDIA
    VRAM:     6009 MB
    Driver:   31.0.15.3734
Initialize mono
Mono path[0] = 'C:/Program Files/Unity/Hub/Editor/2022.3.14f1/Editor/Data/Managed'
Mono path[1] = 'C:/Program Files/Unity/Hub/Editor/2022.3.14f1/Editor/Data/MonoBleedingEdge/lib/mono/unityjit-win32'
Mono config path = 'C:/Program Files/Unity/Hub/Editor/2022.3.14f1/Editor/Data/MonoBleedingEdge/etc'
Using monoOptions --debugger-agent=transport=dt_socket,embedding=1,server=y,suspend=n,address=127.0.0.1:56068
Begin MonoManager ReloadAssembly
Registering precompiled unity dll's ...
Register platform support module: C:/Program Files/Unity/Hub/Editor/2022.3.14f1/Editor/Data/PlaybackEngines/WindowsStandaloneSupport/UnityEditor.WindowsStandalone.Extensions.dll
Registered in 0.006317 seconds.
- Loaded All Assemblies, in  0.307 seconds
Native extension for WindowsStandalone target not found
Mono: successfully reloaded assembly
- Finished resetting the current domain, in  0.188 seconds
Domain Reload Profiling: 494ms
	BeginReloadAssembly (89ms)
		ExecutionOrderSort (0ms)
		DisableScriptedObjects (0ms)
		BackupInstance (0ms)
		ReleaseScriptingObjects (0ms)
		CreateAndSetChildDomain (1ms)
	RebuildCommonClasses (27ms)
	RebuildNativeTypeToScriptingClass (8ms)
	initialDomainReloadingComplete (54ms)
	LoadAllAssembliesAndSetupDomain (127ms)
		LoadAssemblies (87ms)
		RebuildTransferFunctionScriptingTraits (0ms)
		AnalyzeDomain (125ms)
			TypeCache.Refresh (123ms)
				TypeCache.ScanAssembly (110ms)
			ScanForSourceGeneratedMonoScriptInfo (0ms)
			ResolveRequiredComponents (1ms)
	FinalizeReload (188ms)
		ReleaseScriptCaches (0ms)
		RebuildScriptCaches (0ms)
		SetupLoadedEditorAssemblies (143ms)
			LogAssemblyErrors (0ms)
			InitializePlatformSupportModulesInManaged (6ms)
			SetLoadedEditorAssemblies (6ms)
			RefreshPlugins (0ms)
			BeforeProcessingInitializeOnLoad (2ms)
			ProcessInitializeOnLoadAttributes (93ms)
			ProcessInitializeOnLoadMethodAttributes (36ms)
			AfterProcessingInitializeOnLoad (0ms)
			EditorAssembliesLoaded (0ms)
		ExecutionOrderSort2 (0ms)
		AwakeInstancesAfterBackupRestoration (0ms)
========================================================================
Worker process is ready to serve import requests
Begin MonoManager ReloadAssembly
- Loaded All Assemblies, in  0.574 seconds
Refreshing native plugins compatible for Editor in 5.54 ms, found 4 plugins.
Native extension for WindowsStandalone target not found
Package Manager log level set to [2]
[Package Manager] Server::EnsureServerProcessIsRunning -- launch failed, reason: Unity was launched with the -noUpm command-line argument
[Package Manager] UpmClient::Send -- Unable to send message (not connected to UPM process).
[Package Manager] Cannot connect to Unity Package Manager local server
Mono: successfully reloaded assembly
- Finished resetting the current domain, in  0.543 seconds
Domain Reload Profiling: 1113ms
	BeginReloadAssembly (111ms)
		ExecutionOrderSort (0ms)
		DisableScriptedObjects (3ms)
		BackupInstance (0ms)
		ReleaseScriptingObjects (0ms)
		CreateAndSetChildDomain (16ms)
	RebuildCommonClasses (24ms)
	RebuildNativeTypeToScriptingClass (7ms)
	initialDomainReloadingComplete (35ms)
	LoadAllAssembliesAndSetupDomain (392ms)
		LoadAssemblies (340ms)
		RebuildTransferFunctionScriptingTraits (0ms)
		AnalyzeDomain (118ms)
			TypeCache.Refresh (99ms)
				TypeCache.ScanAssembly (87ms)
			ScanForSourceGeneratedMonoScriptInfo (15ms)
			ResolveRequiredComponents (3ms)
	FinalizeReload (544ms)
		ReleaseScriptCaches (0ms)
		RebuildScriptCaches (0ms)
		SetupLoadedEditorAssemblies (436ms)
			LogAssemblyErrors (0ms)
			InitializePlatformSupportModulesInManaged (5ms)
			SetLoadedEditorAssemblies (3ms)
			RefreshPlugins (0ms)
			BeforeProcessingInitializeOnLoad (50ms)
			ProcessInitializeOnLoadAttributes (345ms)
			ProcessInitializeOnLoadMethodAttributes (27ms)
			AfterProcessingInitializeOnLoad (5ms)
			EditorAssembliesLoaded (0ms)
		ExecutionOrderSort2 (0ms)
		AwakeInstancesAfterBackupRestoration (5ms)
Launched and connected shader compiler UnityShaderCompiler.exe after 0.05 seconds
Refreshing native plugins compatible for Editor in 4.02 ms, found 4 plugins.
Preloading 0 native plugins for Editor in 0.00 ms.
Unloading 4017 Unused Serialized files (Serialized files now loaded: 0)
Unloading 70 unused Assets / (244.3 KB). Loaded Objects now: 4472.
Memory consumption went from 149.0 MB to 148.8 MB.
Total: 3.250900 ms (FindLiveObjects: 0.200100 ms CreateObjectMapping: 0.090400 ms MarkObjects: 2.786500 ms  DeleteObjects: 0.173600 ms)

AssetImportParameters requested are different than current active one (requested -> active):
  custom:container-demuxer-ogg: 62fdf1f143b41e24485cea50d1cbac27 -> 
  custom:video-codec-MediaFoundation-h265: 746d11721c4dcdbdad8f713fa42b33f4 -> 
  custom:video-decoder-ogg-theora: a1e56fd34408186e4bbccfd4996cb3dc -> 
  custom:framework-win-MediaFoundation: 216162199b28c13a410421893ffa2e32 -> 
  custom:CustomObjectIndexerAttribute: 756ad292c208cfabdd7b50bc23989ffe -> 
  custom:container-demuxer-webm: 4f35f7cbe854078d1ac9338744f61a02 -> 
  custom:container-muxer-webm: aa71ff27fc2769a1b78a27578f13a17b -> 
  custom:video-decoder-webm-vp8: 9c59270c3fd7afecdb556c50c9e8de78 -> 
  custom:SearchIndexIgnoredProperties: e643bd26f0fe6173181afceb89e7c659 -> 
  custom:AudioImporter_EditorPlatform: d09bf68614088b80899f8185d706f6e7 -> 
  custom:video-encoder-webm-vp8: eb34c28f22e8b96e1ab97ce403110664 -> 
  custom:audio-decoder-ogg-vorbis: bf7c407c2cedff20999df2af8eb42d56 -> 
  custom:audio-encoder-webm-vorbis: bf7c407c2cedff20999df2af8eb42d56 -> 
========================================================================
Received Import Request.
  Time since last request: 31699.479768 seconds.
  path: Assets/JDSherbert - Ultimate UI SFX Pack [FREE]
  artifactKey: Guid(962a3f17f5eebe1499c040a1ab6e575c) Importer(815301076,1909f56bfc062723c751e8b465ee728b)
Start importing Assets/JDSherbert - Ultimate UI SFX Pack [FREE] using Guid(962a3f17f5eebe1499c040a1ab6e575c) Importer(815301076,1909f56bfc062723c751e8b465ee728b)  -> (artifact id: '559b32e6bfca644c2ae5ff910b1cc660') in 0.002410 seconds
Number of updated asset objects reloaded before import = 0
Number of asset objects unloaded after import = 0
========================================================================
Received Import Request.
  Time since last request: 1.905206 seconds.
  path: Assets/JDSherbert - Ultimate UI SFX Pack [FREE]/mp3
  artifactKey: Guid(b7d4ba5d85cf7e044a87379e3198f14b) Importer(815301076,1909f56bfc062723c751e8b465ee728b)
Start importing Assets/JDSherbert - Ultimate UI SFX Pack [FREE]/mp3 using Guid(b7d4ba5d85cf7e044a87379e3198f14b) Importer(815301076,1909f56bfc062723c751e8b465ee728b)  -> (artifact id: 'd038c5fbda9b94038258da2baaa7d68d') in 0.000407 seconds
Number of updated asset objects reloaded before import = 0
Number of asset objects unloaded after import = 0
========================================================================
Received Import Request.
  Time since last request: 0.047161 seconds.
  path: Assets/JDSherbert - Ultimate UI SFX Pack [FREE]/mp3/JDSherbert - Ultimate UI SFX Pack - UI Cancel.mp3
  artifactKey: Guid(428d1953c5ea9a44e89ab850c94f6c85) Importer(815301076,1909f56bfc062723c751e8b465ee728b)
Start importing Assets/JDSherbert - Ultimate UI SFX Pack [FREE]/mp3/JDSherbert - Ultimate UI SFX Pack - UI Cancel.mp3 using Guid(428d1953c5ea9a44e89ab850c94f6c85) Importer(815301076,1909f56bfc062723c751e8b465ee728b)  -> (artifact id: '5f0f45fdd81a460b99563a31279b36d7') in 0.086391 seconds
Number of updated asset objects reloaded before import = 0
Number of asset objects unloaded after import = 2
========================================================================
Received Import Request.
  Time since last request: 0.000029 seconds.
  path: Assets/JDSherbert - Ultimate UI SFX Pack [FREE]/mp3/JDSherbert - Ultimate UI SFX Pack - UI Hover.mp3
  artifactKey: Guid(5f8d79d70ad5864499bf0791e40a126b) Importer(815301076,1909f56bfc062723c751e8b465ee728b)
Start importing Assets/JDSherbert - Ultimate UI SFX Pack [FREE]/mp3/JDSherbert - Ultimate UI SFX Pack - UI Hover.mp3 using Guid(5f8d79d70ad5864499bf0791e40a126b) Importer(815301076,1909f56bfc062723c751e8b465ee728b)  -> (artifact id: '9c1dc22d24cda03c688d33d6a6e9bd21') in 0.012756 seconds
Number of updated asset objects reloaded before import = 0
Number of asset objects unloaded after import = 2
========================================================================
Received Import Request.
  Time since last request: 0.000020 seconds.
  path: Assets/JDSherbert - Ultimate UI SFX Pack [FREE]/mp3/JDSherbert - Ultimate UI SFX Pack - UI Popup (Open - 3).mp3
  artifactKey: Guid(9b676cf94c0edf847b2dc94685594a7b) Importer(815301076,1909f56bfc062723c751e8b465ee728b)
Start importing Assets/JDSherbert - Ultimate UI SFX Pack [FREE]/mp3/JDSherbert - Ultimate UI SFX Pack - UI Popup (Open - 3).mp3 using Guid(9b676cf94c0edf847b2dc94685594a7b) Importer(815301076,1909f56bfc062723c751e8b465ee728b)  -> (artifact id: '2b4e6be5bdbb7332fec7287166d8b0c1') in 0.015195 seconds
Number of updated asset objects reloaded before import = 0
Number of asset objects unloaded after import = 2
========================================================================
Received Import Request.
  Time since last request: 0.000021 seconds.
  path: Assets/JDSherbert - Ultimate UI SFX Pack [FREE]/mp3/JDSherbert - Ultimate UI SFX Pack - UI Popup (Close - 1).mp3
  artifactKey: Guid(d65877c81b39258418e67363db29ed6e) Importer(815301076,1909f56bfc062723c751e8b465ee728b)
Start importing Assets/JDSherbert - Ultimate UI SFX Pack [FREE]/mp3/JDSherbert - Ultimate UI SFX Pack - UI Popup (Close - 1).mp3 using Guid(d65877c81b39258418e67363db29ed6e) Importer(815301076,1909f56bfc062723c751e8b465ee728b)  -> (artifact id: 'f0b9926d1366a25c2a828ecfad2ac4d7') in 0.017430 seconds
Number of updated asset objects reloaded before import = 0
Number of asset objects unloaded after import = 2
========================================================================
Received Import Request.
  Time since last request: 0.000023 seconds.
  path: Assets/JDSherbert - Ultimate UI SFX Pack [FREE]/mp3/JDSherbert - Ultimate UI SFX Pack - UI Error (1).mp3
  artifactKey: Guid(e124735191b296145ae7f87bd7999604) Importer(815301076,1909f56bfc062723c751e8b465ee728b)
Start importing Assets/JDSherbert - Ultimate UI SFX Pack [FREE]/mp3/JDSherbert - Ultimate UI SFX Pack - UI Error (1).mp3 using Guid(e124735191b296145ae7f87bd7999604) Importer(815301076,1909f56bfc062723c751e8b465ee728b)  -> (artifact id: '70df248c35e8efb5805cbe441c499d9d') in 0.015538 seconds
Number of updated asset objects reloaded before import = 0
Number of asset objects unloaded after import = 2
========================================================================
Received Import Request.
  Time since last request: 0.000048 seconds.
  path: Assets/JDSherbert - Ultimate UI SFX Pack [FREE]/mp3/JDSherbert - Ultimate UI SFX Pack - UI Popup (Close - 2).mp3
  artifactKey: Guid(a2b6a5c4e293b7e4e9394dd6a2fb6e8d) Importer(815301076,1909f56bfc062723c751e8b465ee728b)
Start importing Assets/JDSherbert - Ultimate UI SFX Pack [FREE]/mp3/JDSherbert - Ultimate UI SFX Pack - UI Popup (Close - 2).mp3 using Guid(a2b6a5c4e293b7e4e9394dd6a2fb6e8d) Importer(815301076,1909f56bfc062723c751e8b465ee728b)  -> (artifact id: '654fa11b9a1321e7f167540ef5efe9f0') in 0.013855 seconds
Number of updated asset objects reloaded before import = 0
Number of asset objects unloaded after import = 2
========================================================================
Received Import Request.
  Time since last request: 0.000046 seconds.
  path: Assets/JDSherbert - Ultimate UI SFX Pack [FREE]/mp3/JDSherbert - Ultimate UI SFX Pack - UI Popup (Open - 2).mp3
  artifactKey: Guid(addc010f4de1c88438b04177c2bd8558) Importer(815301076,1909f56bfc062723c751e8b465ee728b)
Start importing Assets/JDSherbert - Ultimate UI SFX Pack [FREE]/mp3/JDSherbert - Ultimate UI SFX Pack - UI Popup (Open - 2).mp3 using Guid(addc010f4de1c88438b04177c2bd8558) Importer(815301076,1909f56bfc062723c751e8b465ee728b)  -> (artifact id: '2e781c686fb4d391a6d633bd104d13ec') in 0.015116 seconds
Number of updated asset objects reloaded before import = 0
Number of asset objects unloaded after import = 2
========================================================================
Received Import Request.
  Time since last request: 23.558226 seconds.
  path: Assets/JDSherbert - Ultimate UI SFX Pack [FREE]/m4a
  artifactKey: Guid(4243c83f1ce64f4488b3c88709db3bf3) Importer(815301076,1909f56bfc062723c751e8b465ee728b)
Start importing Assets/JDSherbert - Ultimate UI SFX Pack [FREE]/m4a using Guid(4243c83f1ce64f4488b3c88709db3bf3) Importer(815301076,1909f56bfc062723c751e8b465ee728b)  -> (artifact id: '12ff0a1244fa9dc3cbcc23b3316cc99a') in 0.000403 seconds
Number of updated asset objects reloaded before import = 0
Number of asset objects unloaded after import = 0
========================================================================
Received Import Request.
  Time since last request: 0.546394 seconds.
  path: Assets/JDSherbert - Ultimate UI SFX Pack [FREE]/m4a/JDSherbert - Ultimate UI SFX Pack - UI Cancel.m4a
  artifactKey: Guid(afb4b8bb633e01d45808fb480be69eb6) Importer(815301076,1909f56bfc062723c751e8b465ee728b)
Start importing Assets/JDSherbert - Ultimate UI SFX Pack [FREE]/m4a/JDSherbert - Ultimate UI SFX Pack - UI Cancel.m4a using Guid(afb4b8bb633e01d45808fb480be69eb6) Importer(815301076,1909f56bfc062723c751e8b465ee728b)  -> (artifact id: 'cdd11c064391170c169d74365e62ebbd') in 0.000749 seconds
Number of updated asset objects reloaded before import = 0
Number of asset objects unloaded after import = 1
========================================================================
Received Import Request.
  Time since last request: 3.738558 seconds.
  path: Assets/JDSherbert - Ultimate UI SFX Pack [FREE]/ogg
  artifactKey: Guid(15fa0db248b434e42930df3bf7708abc) Importer(815301076,1909f56bfc062723c751e8b465ee728b)
Start importing Assets/JDSherbert - Ultimate UI SFX Pack [FREE]/ogg using Guid(15fa0db248b434e42930df3bf7708abc) Importer(815301076,1909f56bfc062723c751e8b465ee728b)  -> (artifact id: '2270f86a26c5d7ed53452f5b4be6b79e') in 0.000458 seconds
Number of updated asset objects reloaded before import = 0
Number of asset objects unloaded after import = 0
========================================================================
Received Import Request.
  Time since last request: 0.033105 seconds.
  path: Assets/JDSherbert - Ultimate UI SFX Pack [FREE]/ogg/JDSherbert - Ultimate UI SFX Pack - UI Cancel.ogg
  artifactKey: Guid(d8822d05c92c704498d3635413018c98) Importer(815301076,1909f56bfc062723c751e8b465ee728b)
Start importing Assets/JDSherbert - Ultimate UI SFX Pack [FREE]/ogg/JDSherbert - Ultimate UI SFX Pack - UI Cancel.ogg using Guid(d8822d05c92c704498d3635413018c98) Importer(815301076,1909f56bfc062723c751e8b465ee728b)  -> (artifact id: 'bd8bb6ecfac2b995db80766649fd3053') in 0.017750 seconds
Number of updated asset objects reloaded before import = 0
Number of asset objects unloaded after import = 2
========================================================================
Received Import Request.
  Time since last request: 0.000110 seconds.
  path: Assets/JDSherbert - Ultimate UI SFX Pack [FREE]/ogg/JDSherbert - Ultimate UI SFX Pack - UI Popup (Close - 3).ogg
  artifactKey: Guid(28f6d0f933b68ba4c93294913dea3109) Importer(815301076,1909f56bfc062723c751e8b465ee728b)
Start importing Assets/JDSherbert - Ultimate UI SFX Pack [FREE]/ogg/JDSherbert - Ultimate UI SFX Pack - UI Popup (Close - 3).ogg using Guid(28f6d0f933b68ba4c93294913dea3109) Importer(815301076,1909f56bfc062723c751e8b465ee728b)  -> (artifact id: '040c45324b35123a65901f89709f6140') in 0.014584 seconds
Number of updated asset objects reloaded before import = 0
Number of asset objects unloaded after import = 2
========================================================================
Received Import Request.
  Time since last request: 0.000064 seconds.
  path: Assets/JDSherbert - Ultimate UI SFX Pack [FREE]/ogg/JDSherbert - Ultimate UI SFX Pack - UI Select.ogg
  artifactKey: Guid(494a949606f025144ae8306049fdbc7b) Importer(815301076,1909f56bfc062723c751e8b465ee728b)
Start importing Assets/JDSherbert - Ultimate UI SFX Pack [FREE]/ogg/JDSherbert - Ultimate UI SFX Pack - UI Select.ogg using Guid(494a949606f025144ae8306049fdbc7b) Importer(815301076,1909f56bfc062723c751e8b465ee728b)  -> (artifact id: '4dc0f545fb4362b8a09156fc939f5548') in 0.015335 seconds
Number of updated asset objects reloaded before import = 0
Number of asset objects unloaded after import = 2
========================================================================
Received Import Request.
  Time since last request: 0.000017 seconds.
  path: Assets/JDSherbert - Ultimate UI SFX Pack [FREE]/ogg/JDSherbert - Ultimate UI SFX Pack - UI Popup (Open - 2).ogg
  artifactKey: Guid(52f614dd6d9b7564ea733142e5e13030) Importer(815301076,1909f56bfc062723c751e8b465ee728b)
Start importing Assets/JDSherbert - Ultimate UI SFX Pack [FREE]/ogg/JDSherbert - Ultimate UI SFX Pack - UI Popup (Open - 2).ogg using Guid(52f614dd6d9b7564ea733142e5e13030) Importer(815301076,1909f56bfc062723c751e8b465ee728b)  -> (artifact id: '9226c3911cd456b45dbcb3f7eeb28c17') in 0.014842 seconds
Number of updated asset objects reloaded before import = 0
Number of asset objects unloaded after import = 2
========================================================================
Received Import Request.
  Time since last request: 0.000021 seconds.
  path: Assets/JDSherbert - Ultimate UI SFX Pack [FREE]/ogg/JDSherbert - Ultimate UI SFX Pack - UI Popup (Close - 2).ogg
  artifactKey: Guid(54025e7fb4bf8de4a98b61623eb41bfc) Importer(815301076,1909f56bfc062723c751e8b465ee728b)
Start importing Assets/JDSherbert - Ultimate UI SFX Pack [FREE]/ogg/JDSherbert - Ultimate UI SFX Pack - UI Popup (Close - 2).ogg using Guid(54025e7fb4bf8de4a98b61623eb41bfc) Importer(815301076,1909f56bfc062723c751e8b465ee728b)  -> (artifact id: '51b940a8d12c2ab2b1dcc260056c370e') in 0.014596 seconds
Number of updated asset objects reloaded before import = 0
Number of asset objects unloaded after import = 2
========================================================================
Received Import Request.
  Time since last request: 0.000020 seconds.
  path: Assets/JDSherbert - Ultimate UI SFX Pack [FREE]/ogg/JDSherbert - Ultimate UI SFX Pack - UI Hover.ogg
  artifactKey: Guid(c0119c8d77a04e3478a8c156fb5b24c6) Importer(815301076,1909f56bfc062723c751e8b465ee728b)
Start importing Assets/JDSherbert - Ultimate UI SFX Pack [FREE]/ogg/JDSherbert - Ultimate UI SFX Pack - UI Hover.ogg using Guid(c0119c8d77a04e3478a8c156fb5b24c6) Importer(815301076,1909f56bfc062723c751e8b465ee728b)  -> (artifact id: '7e63e647696b89cdae06424503a8f341') in 0.020595 seconds
Number of updated asset objects reloaded before import = 0
Number of asset objects unloaded after import = 2
========================================================================
Received Import Request.
  Time since last request: 8.404053 seconds.
  path: Assets/JDSherbert - Ultimate UI SFX Pack [FREE]/wav
  artifactKey: Guid(f0f05527eb1366049b20a98bfd78d331) Importer(815301076,1909f56bfc062723c751e8b465ee728b)
Start importing Assets/JDSherbert - Ultimate UI SFX Pack [FREE]/wav using Guid(f0f05527eb1366049b20a98bfd78d331) Importer(815301076,1909f56bfc062723c751e8b465ee728b)  -> (artifact id: '843b7a4bdd42733273da9e24fabb6def') in 0.000451 seconds
Number of updated asset objects reloaded before import = 0
Number of asset objects unloaded after import = 0
========================================================================
Received Import Request.
  Time since last request: 0.063581 seconds.
  path: Assets/JDSherbert - Ultimate UI SFX Pack [FREE]/wav/JDSherbert - Ultimate UI SFX Pack - UI Cancel.wav
  artifactKey: Guid(c72331e711b180e4f86869f77c57605d) Importer(815301076,1909f56bfc062723c751e8b465ee728b)
Start importing Assets/JDSherbert - Ultimate UI SFX Pack [FREE]/wav/JDSherbert - Ultimate UI SFX Pack - UI Cancel.wav using Guid(c72331e711b180e4f86869f77c57605d) Importer(815301076,1909f56bfc062723c751e8b465ee728b)  -> (artifact id: 'a525e341faf8462d2fb056e81ede92ca') in 0.020159 seconds
Number of updated asset objects reloaded before import = 0
Number of asset objects unloaded after import = 2
========================================================================
Received Import Request.
  Time since last request: 0.000017 seconds.
  path: Assets/JDSherbert - Ultimate UI SFX Pack [FREE]/wav/JDSherbert - Ultimate UI SFX Pack - UI Error (2).wav
  artifactKey: Guid(2b60c1b578f0cbd439a1684a718ed691) Importer(815301076,1909f56bfc062723c751e8b465ee728b)
Start importing Assets/JDSherbert - Ultimate UI SFX Pack [FREE]/wav/JDSherbert - Ultimate UI SFX Pack - UI Error (2).wav using Guid(2b60c1b578f0cbd439a1684a718ed691) Importer(815301076,1909f56bfc062723c751e8b465ee728b)  -> (artifact id: '4af5011a7227dbd8f0994566af3f9721') in 0.012217 seconds
Number of updated asset objects reloaded before import = 0
Number of asset objects unloaded after import = 2
========================================================================
Received Import Request.
  Time since last request: 0.001325 seconds.
  path: Assets/JDSherbert - Ultimate UI SFX Pack [FREE]/wav/JDSherbert - Ultimate UI SFX Pack - UI Popup (Open - 1).wav
  artifactKey: Guid(ff4a8b67f9d8512428d44f6129691f1e) Importer(815301076,1909f56bfc062723c751e8b465ee728b)
Start importing Assets/JDSherbert - Ultimate UI SFX Pack [FREE]/wav/JDSherbert - Ultimate UI SFX Pack - UI Popup (Open - 1).wav using Guid(ff4a8b67f9d8512428d44f6129691f1e) Importer(815301076,1909f56bfc062723c751e8b465ee728b)  -> (artifact id: 'dc8947e369fc8d9ddfc7adff6e1bc402') in 0.011320 seconds
Number of updated asset objects reloaded before import = 0
Number of asset objects unloaded after import = 2
========================================================================
Received Import Request.
  Time since last request: 0.001321 seconds.
  path: Assets/JDSherbert - Ultimate UI SFX Pack [FREE]/wav/JDSherbert - Ultimate UI SFX Pack - UI Select.wav
  artifactKey: Guid(68b6f4eaa7822ef49a1d18ea985ee7f4) Importer(815301076,1909f56bfc062723c751e8b465ee728b)
Start importing Assets/JDSherbert - Ultimate UI SFX Pack [FREE]/wav/JDSherbert - Ultimate UI SFX Pack - UI Select.wav using Guid(68b6f4eaa7822ef49a1d18ea985ee7f4) Importer(815301076,1909f56bfc062723c751e8b465ee728b)  -> (artifact id: 'eee6013586c144b2453cb5dca1a9d6ec') in 0.015738 seconds
Number of updated asset objects reloaded before import = 0
Number of asset objects unloaded after import = 2
========================================================================
Received Import Request.
  Time since last request: 341.497700 seconds.
  path: Assets
  artifactKey: Guid(00000000000000001000000000000000) Importer(815301076,1909f56bfc062723c751e8b465ee728b)
Start importing Assets using Guid(00000000000000001000000000000000) Importer(815301076,1909f56bfc062723c751e8b465ee728b)  -> (artifact id: '8a4fe85251aa2e89732c359432baa2c3') in 0.000552 seconds
Number of updated asset objects reloaded before import = 0
Number of asset objects unloaded after import = 0
========================================================================
Received Import Request.
  Time since last request: 6.453584 seconds.
  path: Assets/Music
  artifactKey: Guid(2ecad18b6cc991a4a83a8f05334f03be) Importer(815301076,1909f56bfc062723c751e8b465ee728b)
Start importing Assets/Music using Guid(2ecad18b6cc991a4a83a8f05334f03be) Importer(815301076,1909f56bfc062723c751e8b465ee728b)  -> (artifact id: 'dd1a8ff3e4d233d754d361624ae7677e') in 0.000480 seconds
Number of updated asset objects reloaded before import = 0
Number of asset objects unloaded after import = 0
========================================================================
Received Import Request.
  Time since last request: 13.866984 seconds.
  path: Assets/Sound
  artifactKey: Guid(2ecad18b6cc991a4a83a8f05334f03be) Importer(815301076,1909f56bfc062723c751e8b465ee728b)
Start importing Assets/Sound using Guid(2ecad18b6cc991a4a83a8f05334f03be) Importer(815301076,1909f56bfc062723c751e8b465ee728b)  -> (artifact id: 'e120e8af670ddab03b0d0956a8f1f8c2') in 0.000443 seconds
Number of updated asset objects reloaded before import = 0
Number of asset objects unloaded after import = 0
========================================================================
Received Import Request.
  Time since last request: 18.216045 seconds.
  path: Assets/Sound/SoundEffect
  artifactKey: Guid(95bf32537df060841b38b90869a4959e) Importer(815301076,1909f56bfc062723c751e8b465ee728b)
Start importing Assets/Sound/SoundEffect using Guid(95bf32537df060841b38b90869a4959e) Importer(815301076,1909f56bfc062723c751e8b465ee728b)  -> (artifact id: '665dbc16c6c8cf350863c305203e2f66') in 0.000502 seconds
Number of updated asset objects reloaded before import = 0
Number of asset objects unloaded after import = 0
========================================================================
Received Import Request.
  Time since last request: 8.115036 seconds.
  path: Assets/Sound/Music
  artifactKey: Guid(877e391b6b84b55408756aa3ca5f4760) Importer(815301076,1909f56bfc062723c751e8b465ee728b)
Start importing Assets/Sound/Music using Guid(877e391b6b84b55408756aa3ca5f4760) Importer(815301076,1909f56bfc062723c751e8b465ee728b)  -> (artifact id: 'aa14c79358be140c06e0fafbc7abfcab') in 0.000436 seconds
Number of updated asset objects reloaded before import = 0
Number of asset objects unloaded after import = 0
========================================================================
Received Import Request.
  Time since last request: 60.740764 seconds.
  path: Assets/Sound/Music/Abstraction - VGMA July Daily Challenge
  artifactKey: Guid(28b1c5e1785cbd44bb4362160bb8c68d) Importer(815301076,1909f56bfc062723c751e8b465ee728b)
Start importing Assets/Sound/Music/Abstraction - VGMA July Daily Challenge using Guid(28b1c5e1785cbd44bb4362160bb8c68d) Importer(815301076,1909f56bfc062723c751e8b465ee728b)  -> (artifact id: '79bb99cb4fff985c14c8f7d459da97a9') in 0.000500 seconds
Number of updated asset objects reloaded before import = 0
Number of asset objects unloaded after import = 0
========================================================================
Received Import Request.
  Time since last request: 0.092267 seconds.
  path: Assets/Sound/Music/Abstraction - VGMA July Daily Challenge/MusicLoopBundle.jpg
  artifactKey: Guid(efafd9614ba347442a65349c93dc2189) Importer(815301076,1909f56bfc062723c751e8b465ee728b)
Start importing Assets/Sound/Music/Abstraction - VGMA July Daily Challenge/MusicLoopBundle.jpg using Guid(efafd9614ba347442a65349c93dc2189) Importer(815301076,1909f56bfc062723c751e8b465ee728b)  -> (artifact id: 'd055fb4e9bb85054ddd365570a1b8a98') in 0.046489 seconds
Number of updated asset objects reloaded before import = 0
Number of asset objects unloaded after import = 3
========================================================================
Received Import Request.
  Time since last request: 0.017193 seconds.
  path: Assets/Sound/Music/Abstraction - VGMA July Daily Challenge/VGMA Challenge - July 5th.wav
  artifactKey: Guid(8da6e42c196e1e148a99c6906916cef0) Importer(815301076,1909f56bfc062723c751e8b465ee728b)
Start importing Assets/Sound/Music/Abstraction - VGMA July Daily Challenge/VGMA Challenge - July 5th.wav using Guid(8da6e42c196e1e148a99c6906916cef0) Importer(815301076,1909f56bfc062723c751e8b465ee728b)  -> (artifact id: 'debee472484c394ad6377a45f80d9cfb') in 0.017514 seconds
Number of updated asset objects reloaded before import = 0
Number of asset objects unloaded after import = 2
========================================================================
Received Import Request.
  Time since last request: 0.019514 seconds.
  path: Assets/Sound/Music/Abstraction - VGMA July Daily Challenge/VGMA Challenge - July 11th.wav
  artifactKey: Guid(cc69720fe5da00a4183a0852bdedda34) Importer(815301076,1909f56bfc062723c751e8b465ee728b)
Start importing Assets/Sound/Music/Abstraction - VGMA July Daily Challenge/VGMA Challenge - July 11th.wav using Guid(cc69720fe5da00a4183a0852bdedda34) Importer(815301076,1909f56bfc062723c751e8b465ee728b)  -> (artifact id: '742ab209a3e1ffb70f2270393c6e005e') in 0.013774 seconds
Number of updated asset objects reloaded before import = 0
Number of asset objects unloaded after import = 2
========================================================================
Received Import Request.
  Time since last request: 0.000017 seconds.
  path: Assets/Sound/Music/Abstraction - VGMA July Daily Challenge/VGMA Challenge - July 12th.wav
  artifactKey: Guid(f6df90f4089e56944afb2667efc7f139) Importer(815301076,1909f56bfc062723c751e8b465ee728b)
Start importing Assets/Sound/Music/Abstraction - VGMA July Daily Challenge/VGMA Challenge - July 12th.wav using Guid(f6df90f4089e56944afb2667efc7f139) Importer(815301076,1909f56bfc062723c751e8b465ee728b)  -> (artifact id: 'd1dc1945b8e64219db627a34c6c14855') in 0.016774 seconds
Number of updated asset objects reloaded before import = 0
Number of asset objects unloaded after import = 2
========================================================================
Received Import Request.
  Time since last request: 0.000014 seconds.
  path: Assets/Sound/Music/Abstraction - VGMA July Daily Challenge/VGMA Challenge - July 22nd.wav
  artifactKey: Guid(cefa5e77eb5358c44936616d34673636) Importer(815301076,1909f56bfc062723c751e8b465ee728b)
Start importing Assets/Sound/Music/Abstraction - VGMA July Daily Challenge/VGMA Challenge - July 22nd.wav using Guid(cefa5e77eb5358c44936616d34673636) Importer(815301076,1909f56bfc062723c751e8b465ee728b)  -> (artifact id: '2bcdc853eaff8aa4fc0d8ba631ca0980') in 0.013347 seconds
Number of updated asset objects reloaded before import = 0
Number of asset objects unloaded after import = 2
========================================================================
Received Import Request.
  Time since last request: 0.000014 seconds.
  path: Assets/Sound/Music/Abstraction - VGMA July Daily Challenge/VGMA Challenge - July 18th.wav
  artifactKey: Guid(0f89996bd76ac4f4ab4fc36a66b7edc2) Importer(815301076,1909f56bfc062723c751e8b465ee728b)
Start importing Assets/Sound/Music/Abstraction - VGMA July Daily Challenge/VGMA Challenge - July 18th.wav using Guid(0f89996bd76ac4f4ab4fc36a66b7edc2) Importer(815301076,1909f56bfc062723c751e8b465ee728b)  -> (artifact id: '9374cb71d87599d109fccb9c98112b61') in 0.014167 seconds
Number of updated asset objects reloaded before import = 0
Number of asset objects unloaded after import = 2
========================================================================
Received Import Request.
  Time since last request: 0.000024 seconds.
  path: Assets/Sound/Music/Abstraction - VGMA July Daily Challenge/VGMA Challenge - July 20th.wav
  artifactKey: Guid(351c99ec98116ec47bdd725371412a25) Importer(815301076,1909f56bfc062723c751e8b465ee728b)
Start importing Assets/Sound/Music/Abstraction - VGMA July Daily Challenge/VGMA Challenge - July 20th.wav using Guid(351c99ec98116ec47bdd725371412a25) Importer(815301076,1909f56bfc062723c751e8b465ee728b)  -> (artifact id: '69f6d5c29f22a28f14c29d352ed316b1') in 0.016747 seconds
Number of updated asset objects reloaded before import = 0
Number of asset objects unloaded after import = 2
========================================================================
Received Import Request.
  Time since last request: 0.000016 seconds.
  path: Assets/Sound/Music/Abstraction - VGMA July Daily Challenge/VGMA Challenge - July 13th.wav
  artifactKey: Guid(a010da3afe16a664a919661fcf92adff) Importer(815301076,1909f56bfc062723c751e8b465ee728b)
Start importing Assets/Sound/Music/Abstraction - VGMA July Daily Challenge/VGMA Challenge - July 13th.wav using Guid(a010da3afe16a664a919661fcf92adff) Importer(815301076,1909f56bfc062723c751e8b465ee728b)  -> (artifact id: '9b4c3cb5e45c43674f0c4e07ad878b5c') in 0.014110 seconds
Number of updated asset objects reloaded before import = 0
Number of asset objects unloaded after import = 2
========================================================================
Received Import Request.
  Time since last request: 0.000020 seconds.
  path: Assets/Sound/Music/Abstraction - VGMA July Daily Challenge/VGMA Challenge - July 7th.wav
  artifactKey: Guid(f883d6355321f614eb8678659f2da40c) Importer(815301076,1909f56bfc062723c751e8b465ee728b)
Start importing Assets/Sound/Music/Abstraction - VGMA July Daily Challenge/VGMA Challenge - July 7th.wav using Guid(f883d6355321f614eb8678659f2da40c) Importer(815301076,1909f56bfc062723c751e8b465ee728b)  -> (artifact id: '518e1bdabfa41bdf0ba6330648b3a157') in 0.013940 seconds
Number of updated asset objects reloaded before import = 0
Number of asset objects unloaded after import = 2
========================================================================
Received Import Request.
  Time since last request: 0.000042 seconds.
  path: Assets/Sound/Music/Abstraction - VGMA July Daily Challenge/VGMA Challenge - July 8th.wav
  artifactKey: Guid(e03563f44539b544e89e6099f39187f4) Importer(815301076,1909f56bfc062723c751e8b465ee728b)
Start importing Assets/Sound/Music/Abstraction - VGMA July Daily Challenge/VGMA Challenge - July 8th.wav using Guid(e03563f44539b544e89e6099f39187f4) Importer(815301076,1909f56bfc062723c751e8b465ee728b)  -> (artifact id: '3a20a84a47fe4bbef6256f4080c1361b') in 0.014012 seconds
Number of updated asset objects reloaded before import = 0
Number of asset objects unloaded after import = 2
========================================================================
Received Import Request.
  Time since last request: 0.000016 seconds.
  path: Assets/Sound/Music/Abstraction - VGMA July Daily Challenge/VGMA Challenge - July 26th.wav
  artifactKey: Guid(731cfb382965f0740a30cd08ff06336c) Importer(815301076,1909f56bfc062723c751e8b465ee728b)
Start importing Assets/Sound/Music/Abstraction - VGMA July Daily Challenge/VGMA Challenge - July 26th.wav using Guid(731cfb382965f0740a30cd08ff06336c) Importer(815301076,1909f56bfc062723c751e8b465ee728b)  -> (artifact id: '10471a36fea6fe27ba15dd814b1b5aef') in 0.012767 seconds
Number of updated asset objects reloaded before import = 0
Number of asset objects unloaded after import = 2
========================================================================
Received Import Request.
  Time since last request: 0.000017 seconds.
  path: Assets/Sound/Music/Abstraction - VGMA July Daily Challenge/VGMA Challenge - July 24th.wav
  artifactKey: Guid(b02178437abb45c4192c48424893687e) Importer(815301076,1909f56bfc062723c751e8b465ee728b)
Start importing Assets/Sound/Music/Abstraction - VGMA July Daily Challenge/VGMA Challenge - July 24th.wav using Guid(b02178437abb45c4192c48424893687e) Importer(815301076,1909f56bfc062723c751e8b465ee728b)  -> (artifact id: '14f77299cd79a5b7e009a56d5f55bd35') in 0.014968 seconds
Number of updated asset objects reloaded before import = 0
Number of asset objects unloaded after import = 2
========================================================================
Received Import Request.
  Time since last request: 0.000020 seconds.
  path: Assets/Sound/Music/Abstraction - VGMA July Daily Challenge/VGMA Challenge - July 30th.wav
  artifactKey: Guid(2c438844552ffd3478207993e996362f) Importer(815301076,1909f56bfc062723c751e8b465ee728b)
Start importing Assets/Sound/Music/Abstraction - VGMA July Daily Challenge/VGMA Challenge - July 30th.wav using Guid(2c438844552ffd3478207993e996362f) Importer(815301076,1909f56bfc062723c751e8b465ee728b)  -> (artifact id: '2e1903747a08b496938744b3d3633d28') in 0.011817 seconds
Number of updated asset objects reloaded before import = 0
Number of asset objects unloaded after import = 2
========================================================================
Received Import Request.
  Time since last request: 0.000038 seconds.
  path: Assets/Sound/Music/Abstraction - VGMA July Daily Challenge/VGMA Challenge - July 25th.wav
  artifactKey: Guid(13c3a8483c2f3e24ca2593de270979cc) Importer(815301076,1909f56bfc062723c751e8b465ee728b)
Start importing Assets/Sound/Music/Abstraction - VGMA July Daily Challenge/VGMA Challenge - July 25th.wav using Guid(13c3a8483c2f3e24ca2593de270979cc) Importer(815301076,1909f56bfc062723c751e8b465ee728b)  -> (artifact id: '8027c32450ec85c57fdadcc85d8f91d7') in 0.013186 seconds
Number of updated asset objects reloaded before import = 0
Number of asset objects unloaded after import = 2
========================================================================
Received Import Request.
  Time since last request: 0.000017 seconds.
  path: Assets/Sound/Music/Abstraction - VGMA July Daily Challenge/VGMA Challenge - July 9th.wav
  artifactKey: Guid(e933ccd9ca6076940ae5caec891526b3) Importer(815301076,1909f56bfc062723c751e8b465ee728b)
Start importing Assets/Sound/Music/Abstraction - VGMA July Daily Challenge/VGMA Challenge - July 9th.wav using Guid(e933ccd9ca6076940ae5caec891526b3) Importer(815301076,1909f56bfc062723c751e8b465ee728b)  -> (artifact id: '8ab0f3dac840862c7fc8e962179b9d36') in 0.014983 seconds
Number of updated asset objects reloaded before import = 0
Number of asset objects unloaded after import = 2
========================================================================
Received Import Request.
  Time since last request: 0.000021 seconds.
  path: Assets/Sound/Music/Abstraction - VGMA July Daily Challenge/VGMA July Challenge.png
  artifactKey: Guid(effb267c6faa0154c9913e44675d6f2e) Importer(815301076,1909f56bfc062723c751e8b465ee728b)
Start importing Assets/Sound/Music/Abstraction - VGMA July Daily Challenge/VGMA July Challenge.png using Guid(effb267c6faa0154c9913e44675d6f2e) Importer(815301076,1909f56bfc062723c751e8b465ee728b)  -> (artifact id: '4cf3e2f72c762bf470d3aa77a9699973') in 0.026600 seconds
Number of updated asset objects reloaded before import = 0
Number of asset objects unloaded after import = 3
========================================================================
Received Import Request.
  Time since last request: 5.240827 seconds.
  path: Assets/Sound/Music/Abstraction - Ludum Dare 38 Loops
  artifactKey: Guid(fd404aea456fa074ab66d5c2c8cb6586) Importer(815301076,1909f56bfc062723c751e8b465ee728b)
Start importing Assets/Sound/Music/Abstraction - Ludum Dare 38 Loops using Guid(fd404aea456fa074ab66d5c2c8cb6586) Importer(815301076,1909f56bfc062723c751e8b465ee728b)  -> (artifact id: '7dd5697bd084690c7a00738635d53fa0') in 0.000599 seconds
Number of updated asset objects reloaded before import = 0
Number of asset objects unloaded after import = 0
========================================================================
Received Import Request.
  Time since last request: 1.511359 seconds.
  path: Assets/Sound/Music/Abstraction - Patreon Goal Reward Loops
  artifactKey: Guid(b8d00d2515f7a694f9bf47dbdee402d8) Importer(815301076,1909f56bfc062723c751e8b465ee728b)
Start importing Assets/Sound/Music/Abstraction - Patreon Goal Reward Loops using Guid(b8d00d2515f7a694f9bf47dbdee402d8) Importer(815301076,1909f56bfc062723c751e8b465ee728b)  -> (artifact id: '68c048b77968509892a7fd95db223598') in 0.000404 seconds
Number of updated asset objects reloaded before import = 0
Number of asset objects unloaded after import = 0
========================================================================
Received Import Request.
  Time since last request: 187.381386 seconds.
  path: Assets/Sound/Music/Patreon Goal Reward Loops - Track 06.wav
  artifactKey: Guid(15b0a54424b12e948a2f31ddec509a79) Importer(815301076,1909f56bfc062723c751e8b465ee728b)
Start importing Assets/Sound/Music/Patreon Goal Reward Loops - Track 06.wav using Guid(15b0a54424b12e948a2f31ddec509a79) Importer(815301076,1909f56bfc062723c751e8b465ee728b)  -> (artifact id: 'f8218dc67ee3150c4049f6068352fef3') in 0.012011 seconds
Number of updated asset objects reloaded before import = 0
Number of asset objects unloaded after import = 2
========================================================================
Received Import Request.
  Time since last request: 165.869536 seconds.
  path: Assets/Sound/Music/Ludum Dare 38 - Track 1.wav
  artifactKey: Guid(b3937ea6a4679c04ca8c83abf9283d7a) Importer(815301076,1909f56bfc062723c751e8b465ee728b)
Start importing Assets/Sound/Music/Ludum Dare 38 - Track 1.wav using Guid(b3937ea6a4679c04ca8c83abf9283d7a) Importer(815301076,1909f56bfc062723c751e8b465ee728b)  -> (artifact id: '3bdb219935cf34e7d01ed7fbf53dca68') in 0.017233 seconds
Number of updated asset objects reloaded before import = 0
Number of asset objects unloaded after import = 2
========================================================================
Received Import Request.
  Time since last request: 14.633785 seconds.
  path: Assets/Sound/Music/Ludum Dare 38 - Track 9.wav
  artifactKey: Guid(bf87b935e04743d4797343b9323c0351) Importer(815301076,1909f56bfc062723c751e8b465ee728b)
Start importing Assets/Sound/Music/Ludum Dare 38 - Track 9.wav using Guid(bf87b935e04743d4797343b9323c0351) Importer(815301076,1909f56bfc062723c751e8b465ee728b)  -> (artifact id: '43f6e5e0d1ad6f3df4ff555a399feb87') in 0.013862 seconds
Number of updated asset objects reloaded before import = 0
Number of asset objects unloaded after import = 2
========================================================================
Received Import Request.
  Time since last request: 156.836226 seconds.
  path: Assets/Sound/Music/VGMA Challenge - July 29th.wav
  artifactKey: Guid(239227b73887da642b77c4ac22947a71) Importer(815301076,1909f56bfc062723c751e8b465ee728b)
Start importing Assets/Sound/Music/VGMA Challenge - July 29th.wav using Guid(239227b73887da642b77c4ac22947a71) Importer(815301076,1909f56bfc062723c751e8b465ee728b)  -> (artifact id: 'b8802cc6a24be823dacbf4977b53c895') in 0.014632 seconds
Number of updated asset objects reloaded before import = 0
Number of asset objects unloaded after import = 2
